#
# There is insufficient memory for the Java Runtime Environment to continue.
# Native memory allocation (malloc) failed to allocate 946016 bytes for Chunk::new
# Possible reasons:
#   The system is out of physical RAM or swap space
#   The process is running with CompressedOops enabled, and the Java Heap may be blocking the growth of the native heap
# Possible solutions:
#   Reduce memory load on the system
#   Increase physical memory or swap space
#   Check if swap backing store is full
#   Decrease Java heap size (-Xmx/-Xms)
#   Decrease number of Java threads
#   Decrease Java thread stack sizes (-Xss)
#   Set larger code cache with -XX:ReservedCodeCacheSize=
#   JVM is running with Unscaled Compressed Oops mode in which the Java heap is
#     placed in the first 4GB address space. The Java Heap base address is the
#     maximum limit for the native heap growth. Please use -XX:HeapBaseMinAddress
#     to set the Java Heap base and to place the Java Heap above 4GB virtual address.
# This output file may be truncated or incomplete.
#
#  Out of Memory Error (arena.cpp:189), pid=14976, tid=2960
#
# JRE version: OpenJDK Runtime Environment (17.0.6) (build 17.0.6+0-b2043.56-10027231)
# Java VM: OpenJDK 64-Bit Server VM (17.0.6+0-b2043.56-10027231, mixed mode, tiered, compressed oops, compressed class ptrs, g1 gc, windows-amd64)
# No core dump will be written. Minidumps are not enabled by default on client versions of Windows
#

---------------  S U M M A R Y ------------

Command Line: --add-opens=java.base/java.util=ALL-UNNAMED --add-opens=java.base/java.lang=ALL-UNNAMED --add-opens=java.base/java.lang.invoke=ALL-UNNAMED --add-opens=java.prefs/java.util.prefs=ALL-UNNAMED --add-opens=java.base/java.nio.charset=ALL-UNNAMED --add-opens=java.base/java.net=ALL-UNNAMED --add-opens=java.base/java.util.concurrent.atomic=ALL-UNNAMED -Xmx2048m -Dfile.encoding=UTF-8 -Duser.country=US -Duser.language=en -Duser.variant org.gradle.launcher.daemon.bootstrap.GradleDaemon 8.0.2

Host: AMD Ryzen 5 5600H with Radeon Graphics         , 12 cores, 5G,  Windows 11 , 64 bit Build 22621 (10.0.22621.3958)
Time: Mon Nov 11 14:34:06 2024 SE Asia Standard Time elapsed time: 761.727607 seconds (0d 0h 12m 41s)

---------------  T H R E A D  ---------------

Current thread (0x00000188ffdc50f0):  JavaThread "C2 CompilerThread0" daemon [_thread_in_native, id=2960, stack(0x0000003ea9100000,0x0000003ea9200000)]


Current CompileTask:
C2: 761727 14526       4       org.gradle.api.internal.artifacts.ivyservice.resolveengine.result.DesugaredAttributeContainerSerializer::read (155 bytes)

Stack: [0x0000003ea9100000,0x0000003ea9200000]
Native frames: (J=compiled Java code, j=interpreted, Vv=VM code, C=native code)
V  [jvm.dll+0x683c9a]
V  [jvm.dll+0x8427a4]
V  [jvm.dll+0x843f9e]
V  [jvm.dll+0x844603]
V  [jvm.dll+0x249b75]
V  [jvm.dll+0xabcac]
V  [jvm.dll+0xac27c]
V  [jvm.dll+0x368857]
V  [jvm.dll+0x332f31]
V  [jvm.dll+0x3323da]
V  [jvm.dll+0x21c201]
V  [jvm.dll+0x21b621]
V  [jvm.dll+0x1a4fdd]
V  [jvm.dll+0x22b098]
V  [jvm.dll+0x229159]
V  [jvm.dll+0x7f81ec]
V  [jvm.dll+0x7f274a]
V  [jvm.dll+0x682ad5]
C  [ucrtbase.dll+0x29333]
C  [KERNEL32.DLL+0x1257d]
C  [ntdll.dll+0x5af08]


---------------  P R O C E S S  ---------------

Threads class SMR info:
_java_thread_list=0x00000188969c6af0, length=93, elements={
0x00000188fab0ec60, 0x00000188ffdd8260, 0x00000188ffdd8fe0, 0x00000188ffdbefe0,
0x00000188ffdc2ac0, 0x00000188ffdc3580, 0x00000188ffdc4450, 0x00000188ffdc50f0,
0x0000018895827420, 0x000001889583aea0, 0x00000188959a2370, 0x00000188959b3720,
0x0000018896f87ad0, 0x000001889700ed00, 0x0000018897024960, 0x000001889701bdd0,
0x000001889701c2a0, 0x000001889701c770, 0x000001889701cc40, 0x000001889701dab0,
0x000001889701df80, 0x0000018899cad8b0, 0x0000018899ca7d40, 0x0000018899ca6a00,
0x0000018899cab700, 0x0000018899caad60, 0x0000018899ca9ef0, 0x0000018899ca8210,
0x000001889ab67fe0, 0x000001889ab68980, 0x000001889ab6db50, 0x000001889ab6be70,
0x000001889ab69320, 0x000001889ab6cce0, 0x000001889ab6b9a0, 0x000001889ab67b10,
0x000001889ab66ca0, 0x000001889d336ad0, 0x00000188a34975a0, 0x000001889a149720,
0x000001889a149bf0, 0x000001889a1483e0, 0x000001889a1488b0, 0x000001889a148d80,
0x000001889a149250, 0x000001889ce86520, 0x000001889ce869f0, 0x000001889ce87d30,
0x000001889ce87390, 0x000001889ea9c910, 0x000001889ea9bf70, 0x000001889a140e10,
0x000001889ea9cde0, 0x000001889ea9c440, 0x000001889ea9d2b0, 0x000001889ea9d780,
0x000001889a98d900, 0x000001889a98a8e0, 0x000001889a98ddd0, 0x000001889a98c5c0,
0x000001889a98adb0, 0x0000018898ac61c0, 0x0000018898ac5820, 0x0000018898ac6690,
0x0000018898ac5350, 0x0000018898ac5cf0, 0x0000018898ac6b60, 0x00000188959f18c0,
0x00000188959f3f40, 0x00000188959f30d0, 0x00000188959f2730, 0x000001889ebfe8a0,
0x000001889ec00f20, 0x000001889ec01d90, 0x000001889ec030d0, 0x000001889ec03f40,
0x000001889ebffbe0, 0x000001889ec04db0, 0x000001889ec018c0, 0x000001889ebfed70,
0x000001889ebff240, 0x000001889ebff710, 0x000001889ec03a70, 0x000001889ec02260,
0x000001889ec02730, 0x000001889ebfe3d0, 0x000001889ec000b0, 0x000001889ec04410,
0x000001889ec02c00, 0x000001889ec00580, 0x000001889ec035a0, 0x000001889ec048e0,
0x000001889ec00a50
}

Java Threads: ( => current thread )
  0x00000188fab0ec60 JavaThread "main" [_thread_blocked, id=11808, stack(0x0000003ea8400000,0x0000003ea8500000)]
  0x00000188ffdd8260 JavaThread "Reference Handler" daemon [_thread_blocked, id=15624, stack(0x0000003ea8b00000,0x0000003ea8c00000)]
  0x00000188ffdd8fe0 JavaThread "Finalizer" daemon [_thread_blocked, id=16088, stack(0x0000003ea8c00000,0x0000003ea8d00000)]
  0x00000188ffdbefe0 JavaThread "Signal Dispatcher" daemon [_thread_blocked, id=5340, stack(0x0000003ea8d00000,0x0000003ea8e00000)]
  0x00000188ffdc2ac0 JavaThread "Attach Listener" daemon [_thread_blocked, id=4884, stack(0x0000003ea8e00000,0x0000003ea8f00000)]
  0x00000188ffdc3580 JavaThread "Service Thread" daemon [_thread_blocked, id=12780, stack(0x0000003ea8f00000,0x0000003ea9000000)]
  0x00000188ffdc4450 JavaThread "Monitor Deflation Thread" daemon [_thread_blocked, id=11832, stack(0x0000003ea9000000,0x0000003ea9100000)]
=>0x00000188ffdc50f0 JavaThread "C2 CompilerThread0" daemon [_thread_in_native, id=2960, stack(0x0000003ea9100000,0x0000003ea9200000)]
  0x0000018895827420 JavaThread "C1 CompilerThread0" daemon [_thread_blocked, id=10632, stack(0x0000003ea9200000,0x0000003ea9300000)]
  0x000001889583aea0 JavaThread "Sweeper thread" daemon [_thread_blocked, id=5412, stack(0x0000003ea9300000,0x0000003ea9400000)]
  0x00000188959a2370 JavaThread "Common-Cleaner" daemon [_thread_blocked, id=11956, stack(0x0000003ea9400000,0x0000003ea9500000)]
  0x00000188959b3720 JavaThread "Notification Thread" daemon [_thread_blocked, id=11948, stack(0x0000003ea9500000,0x0000003ea9600000)]
  0x0000018896f87ad0 JavaThread "Daemon health stats" [_thread_blocked, id=4200, stack(0x0000003ea9b00000,0x0000003ea9c00000)]
  0x000001889700ed00 JavaThread "Incoming local TCP Connector on port 49987" [_thread_in_native, id=2924, stack(0x0000003ea9c00000,0x0000003ea9d00000)]
  0x0000018897024960 JavaThread "Daemon periodic checks" [_thread_blocked, id=7916, stack(0x0000003ea9d00000,0x0000003ea9e00000)]
  0x000001889701bdd0 JavaThread "Cache worker for journal cache (C:\Users\aicon\.gradle\caches\journal-1)" [_thread_blocked, id=15856, stack(0x0000003eaac00000,0x0000003eaad00000)]
  0x000001889701c2a0 JavaThread "File lock request listener" [_thread_in_native, id=5664, stack(0x0000003eaad00000,0x0000003eaae00000)]
  0x000001889701c770 JavaThread "Cache worker for file hash cache (C:\Users\aicon\.gradle\caches\8.0.2\fileHashes)" [_thread_blocked, id=6696, stack(0x0000003eaae00000,0x0000003eaaf00000)]
  0x000001889701cc40 JavaThread "File watcher server" daemon [_thread_in_native, id=12300, stack(0x0000003eaaf00000,0x0000003eab000000)]
  0x000001889701dab0 JavaThread "File watcher consumer" daemon [_thread_blocked, id=16292, stack(0x0000003eab000000,0x0000003eab100000)]
  0x000001889701df80 JavaThread "Cache worker for file content cache (C:\Users\aicon\.gradle\caches\8.0.2\fileContent)" [_thread_blocked, id=15196, stack(0x0000003eab300000,0x0000003eab400000)]
  0x0000018899cad8b0 JavaThread "Cache worker for execution history cache (C:\Users\aicon\.gradle\caches\8.0.2\executionHistory)" [_thread_blocked, id=8380, stack(0x0000003eab600000,0x0000003eab700000)]
  0x0000018899ca7d40 JavaThread "jar transforms" [_thread_blocked, id=4844, stack(0x0000003eab700000,0x0000003eab800000)]
  0x0000018899ca6a00 JavaThread "jar transforms Thread 2" [_thread_blocked, id=5248, stack(0x0000003eab800000,0x0000003eab900000)]
  0x0000018899cab700 JavaThread "Cache worker for kotlin-dsl (C:\Users\aicon\.gradle\caches\8.0.2\kotlin-dsl)" [_thread_blocked, id=16268, stack(0x0000003eab900000,0x0000003eaba00000)]
  0x0000018899caad60 JavaThread "jar transforms Thread 3" [_thread_blocked, id=3944, stack(0x0000003eaba00000,0x0000003eabb00000)]
  0x0000018899ca9ef0 JavaThread "jar transforms Thread 4" [_thread_blocked, id=16260, stack(0x0000003eabb00000,0x0000003eabc00000)]
  0x0000018899ca8210 JavaThread "jar transforms Thread 5" [_thread_blocked, id=4920, stack(0x0000003eabe00000,0x0000003eabf00000)]
  0x000001889ab67fe0 JavaThread "jar transforms Thread 6" [_thread_blocked, id=2392, stack(0x0000003eb3700000,0x0000003eb3800000)]
  0x000001889ab68980 JavaThread "jar transforms Thread 7" [_thread_blocked, id=2388, stack(0x0000003eb3800000,0x0000003eb3900000)]
  0x000001889ab6db50 JavaThread "jar transforms Thread 8" [_thread_blocked, id=2396, stack(0x0000003eb3900000,0x0000003eb3a00000)]
  0x000001889ab6be70 JavaThread "jar transforms Thread 9" [_thread_blocked, id=2384, stack(0x0000003eb3a00000,0x0000003eb3b00000)]
  0x000001889ab69320 JavaThread "jar transforms Thread 10" [_thread_blocked, id=2440, stack(0x0000003eb3b00000,0x0000003eb3c00000)]
  0x000001889ab6cce0 JavaThread "jar transforms Thread 11" [_thread_blocked, id=2444, stack(0x0000003eb3c00000,0x0000003eb3d00000)]
  0x000001889ab6b9a0 JavaThread "jar transforms Thread 12" [_thread_blocked, id=2400, stack(0x0000003eb3d00000,0x0000003eb3e00000)]
  0x000001889ab67b10 JavaThread "Memory manager" [_thread_blocked, id=13340, stack(0x0000003eb3f00000,0x0000003eb4000000)]
  0x000001889ab66ca0 JavaThread "pool-3-thread-1" [_thread_blocked, id=14320, stack(0x0000003eb4000000,0x0000003eb4100000)]
  0x000001889d336ad0 JavaThread "pool-8-thread-1" [_thread_blocked, id=12704, stack(0x0000003eb4200000,0x0000003eb4300000)]
  0x00000188a34975a0 JavaThread "Daemon Thread 3" [_thread_blocked, id=4344, stack(0x0000003ea8100000,0x0000003ea8200000)]
  0x000001889a149720 JavaThread "Handler for socket connection from /127.0.0.1:49987 to /127.0.0.1:50488" [_thread_in_native, id=10308, stack(0x0000003ea8200000,0x0000003ea8300000)]
  0x000001889a149bf0 JavaThread "Cancel handler" [_thread_blocked, id=13144, stack(0x0000003ea8300000,0x0000003ea8400000)]
  0x000001889a1483e0 JavaThread "Daemon worker Thread 3" [_thread_in_Java, id=14280, stack(0x0000003ea9e00000,0x0000003ea9f00000)]
  0x000001889a1488b0 JavaThread "Asynchronous log dispatcher for DefaultDaemonConnection: socket connection from /127.0.0.1:49987 to /127.0.0.1:50488" [_thread_blocked, id=15880, stack(0x0000003ea9f00000,0x0000003eaa000000)]
  0x000001889a148d80 JavaThread "Stdin handler" [_thread_blocked, id=1068, stack(0x0000003eaa000000,0x0000003eaa100000)]
  0x000001889a149250 JavaThread "Daemon client event forwarder" [_thread_blocked, id=10256, stack(0x0000003eaa100000,0x0000003eaa200000)]
  0x000001889ce86520 JavaThread "Cache worker for checksums cache (D:\LapTrinhDiDong\LTDiDong\.gradle\8.0.2\checksums)" [_thread_blocked, id=3264, stack(0x0000003eaa200000,0x0000003eaa300000)]
  0x000001889ce869f0 JavaThread "Cache worker for cache directory md-rule (C:\Users\aicon\.gradle\caches\8.0.2\md-rule)" [_thread_blocked, id=11544, stack(0x0000003eaa300000,0x0000003eaa400000)]
  0x000001889ce87d30 JavaThread "Cache worker for file hash cache (D:\LapTrinhDiDong\LTDiDong\.gradle\8.0.2\fileHashes)" [_thread_blocked, id=3396, stack(0x0000003eaa400000,0x0000003eaa500000)]
  0x000001889ce87390 JavaThread "Cache worker for cache directory md-supplier (C:\Users\aicon\.gradle\caches\8.0.2\md-supplier)" [_thread_blocked, id=12860, stack(0x0000003eab100000,0x0000003eab200000)]
  0x000001889ea9c910 JavaThread "Cache worker for dependencies-accessors (D:\LapTrinhDiDong\LTDiDong\.gradle\8.0.2\dependencies-accessors)" [_thread_blocked, id=2352, stack(0x0000003eab200000,0x0000003eab300000)]
  0x000001889ea9bf70 JavaThread "Cache worker for Build Output Cleanup Cache (D:\LapTrinhDiDong\LTDiDong\.gradle\buildOutputCleanup)" [_thread_blocked, id=8796, stack(0x0000003eab400000,0x0000003eab500000)]
  0x000001889a140e10 JavaThread "C2 CompilerThread1" daemon [_thread_in_native, id=11468, stack(0x0000003eab500000,0x0000003eab600000)]
  0x000001889ea9cde0 JavaThread "Unconstrained build operations" [_thread_blocked, id=17072, stack(0x0000003eabc00000,0x0000003eabd00000)]
  0x000001889ea9c440 JavaThread "Unconstrained build operations Thread 2" [_thread_blocked, id=17208, stack(0x0000003eabd00000,0x0000003eabe00000)]
  0x000001889ea9d2b0 JavaThread "Unconstrained build operations Thread 3" [_thread_blocked, id=16476, stack(0x0000003eabf00000,0x0000003eac000000)]
  0x000001889ea9d780 JavaThread "Unconstrained build operations Thread 4" [_thread_blocked, id=9540, stack(0x0000003eac000000,0x0000003eac100000)]
  0x000001889a98d900 JavaThread "Unconstrained build operations Thread 5" [_thread_blocked, id=17172, stack(0x0000003eac100000,0x0000003eac200000)]
  0x000001889a98a8e0 JavaThread "Unconstrained build operations Thread 6" [_thread_blocked, id=17176, stack(0x0000003eac200000,0x0000003eac300000)]
  0x000001889a98ddd0 JavaThread "Unconstrained build operations Thread 7" [_thread_blocked, id=16584, stack(0x0000003eac300000,0x0000003eac400000)]
  0x000001889a98c5c0 JavaThread "Unconstrained build operations Thread 8" [_thread_blocked, id=17120, stack(0x0000003eac400000,0x0000003eac500000)]
  0x000001889a98adb0 JavaThread "Unconstrained build operations Thread 9" [_thread_blocked, id=17116, stack(0x0000003eac500000,0x0000003eac600000)]
  0x0000018898ac61c0 JavaThread "Unconstrained build operations Thread 10" [_thread_blocked, id=17112, stack(0x0000003eac600000,0x0000003eac700000)]
  0x0000018898ac5820 JavaThread "Unconstrained build operations Thread 11" [_thread_blocked, id=17132, stack(0x0000003eac700000,0x0000003eac800000)]
  0x0000018898ac6690 JavaThread "Unconstrained build operations Thread 12" [_thread_blocked, id=17128, stack(0x0000003eac800000,0x0000003eac900000)]
  0x0000018898ac5350 JavaThread "Unconstrained build operations Thread 13" [_thread_blocked, id=17140, stack(0x0000003eac900000,0x0000003eaca00000)]
  0x0000018898ac5cf0 JavaThread "Unconstrained build operations Thread 14" [_thread_blocked, id=17164, stack(0x0000003eaca00000,0x0000003eacb00000)]
  0x0000018898ac6b60 JavaThread "Unconstrained build operations Thread 15" [_thread_blocked, id=17136, stack(0x0000003eacb00000,0x0000003eacc00000)]
  0x00000188959f18c0 JavaThread "Unconstrained build operations Thread 16" [_thread_blocked, id=12404, stack(0x0000003eacc00000,0x0000003eacd00000)]
  0x00000188959f3f40 JavaThread "Unconstrained build operations Thread 17" [_thread_blocked, id=12296, stack(0x0000003eacd00000,0x0000003eace00000)]
  0x00000188959f30d0 JavaThread "Unconstrained build operations Thread 18" [_thread_blocked, id=4812, stack(0x0000003eace00000,0x0000003eacf00000)]
  0x00000188959f2730 JavaThread "Unconstrained build operations Thread 19" [_thread_blocked, id=16224, stack(0x0000003eacf00000,0x0000003ead000000)]
  0x000001889ebfe8a0 JavaThread "Unconstrained build operations Thread 20" [_thread_blocked, id=16296, stack(0x0000003ead000000,0x0000003ead100000)]
  0x000001889ec00f20 JavaThread "Unconstrained build operations Thread 21" [_thread_blocked, id=11704, stack(0x0000003ead100000,0x0000003ead200000)]
  0x000001889ec01d90 JavaThread "Unconstrained build operations Thread 22" [_thread_blocked, id=15424, stack(0x0000003ead200000,0x0000003ead300000)]
  0x000001889ec030d0 JavaThread "Unconstrained build operations Thread 23" [_thread_blocked, id=13456, stack(0x0000003ead300000,0x0000003ead400000)]
  0x000001889ec03f40 JavaThread "Unconstrained build operations Thread 24" [_thread_blocked, id=16972, stack(0x0000003ead400000,0x0000003ead500000)]
  0x000001889ebffbe0 JavaThread "Unconstrained build operations Thread 25" [_thread_blocked, id=12076, stack(0x0000003ead500000,0x0000003ead600000)]
  0x000001889ec04db0 JavaThread "Unconstrained build operations Thread 26" [_thread_blocked, id=14256, stack(0x0000003ead600000,0x0000003ead700000)]
  0x000001889ec018c0 JavaThread "Unconstrained build operations Thread 27" [_thread_blocked, id=6960, stack(0x0000003ead700000,0x0000003ead800000)]
  0x000001889ebfed70 JavaThread "Unconstrained build operations Thread 28" [_thread_blocked, id=17196, stack(0x0000003ead800000,0x0000003ead900000)]
  0x000001889ebff240 JavaThread "Unconstrained build operations Thread 29" [_thread_blocked, id=2328, stack(0x0000003ead900000,0x0000003eada00000)]
  0x000001889ebff710 JavaThread "Unconstrained build operations Thread 30" [_thread_blocked, id=6012, stack(0x0000003eada00000,0x0000003eadb00000)]
  0x000001889ec03a70 JavaThread "Unconstrained build operations Thread 31" [_thread_blocked, id=5308, stack(0x0000003eadb00000,0x0000003eadc00000)]
  0x000001889ec02260 JavaThread "Unconstrained build operations Thread 32" [_thread_blocked, id=2740, stack(0x0000003eadc00000,0x0000003eadd00000)]
  0x000001889ec02730 JavaThread "Unconstrained build operations Thread 33" [_thread_blocked, id=10872, stack(0x0000003eadd00000,0x0000003eade00000)]
  0x000001889ebfe3d0 JavaThread "Unconstrained build operations Thread 34" [_thread_blocked, id=16652, stack(0x0000003eade00000,0x0000003eadf00000)]
  0x000001889ec000b0 JavaThread "Unconstrained build operations Thread 35" [_thread_blocked, id=14840, stack(0x0000003eadf00000,0x0000003eae000000)]
  0x000001889ec04410 JavaThread "Unconstrained build operations Thread 36" [_thread_blocked, id=17376, stack(0x0000003eae000000,0x0000003eae100000)]
  0x000001889ec02c00 JavaThread "Unconstrained build operations Thread 37" [_thread_blocked, id=17296, stack(0x0000003eae100000,0x0000003eae200000)]
  0x000001889ec00580 JavaThread "Unconstrained build operations Thread 38" [_thread_in_Java, id=16532, stack(0x0000003eae200000,0x0000003eae300000)]
  0x000001889ec035a0 JavaThread "Unconstrained build operations Thread 39" [_thread_blocked, id=17348, stack(0x0000003eae300000,0x0000003eae400000)]
  0x000001889ec048e0 JavaThread "Unconstrained build operations Thread 40" [_thread_blocked, id=16708, stack(0x0000003eae400000,0x0000003eae500000)]
  0x000001889ec00a50 JavaThread "Unconstrained build operations Thread 41" [_thread_blocked, id=16716, stack(0x0000003eae500000,0x0000003eae600000)]

Other Threads:
  0x00000188ffdb31a0 VMThread "VM Thread" [stack: 0x0000003ea8a00000,0x0000003ea8b00000] [id=3272]
  0x00000188959b5c00 WatcherThread [stack: 0x0000003ea9600000,0x0000003ea9700000] [id=2612]
  0x00000188fab6a0a0 GCTaskThread "GC Thread#0" [stack: 0x0000003ea8500000,0x0000003ea8600000] [id=14456]
  0x0000018895f33120 GCTaskThread "GC Thread#1" [stack: 0x0000003ea9700000,0x0000003ea9800000] [id=6452]
  0x00000188965a74f0 GCTaskThread "GC Thread#2" [stack: 0x0000003ea9800000,0x0000003ea9900000] [id=16144]
  0x0000018895ffcd00 GCTaskThread "GC Thread#3" [stack: 0x0000003ea9900000,0x0000003ea9a00000] [id=9948]
  0x000001889641ff40 GCTaskThread "GC Thread#4" [stack: 0x0000003ea9a00000,0x0000003ea9b00000] [id=10020]
  0x0000018897dec7e0 GCTaskThread "GC Thread#5" [stack: 0x0000003eaa500000,0x0000003eaa600000] [id=16236]
  0x0000018897deca90 GCTaskThread "GC Thread#6" [stack: 0x0000003eaa600000,0x0000003eaa700000] [id=2700]
  0x0000018897e21890 GCTaskThread "GC Thread#7" [stack: 0x0000003eaa700000,0x0000003eaa800000] [id=15712]
  0x00000188972c65a0 GCTaskThread "GC Thread#8" [stack: 0x0000003eaa800000,0x0000003eaa900000] [id=12900]
  0x00000188972c6040 GCTaskThread "GC Thread#9" [stack: 0x0000003eaa900000,0x0000003eaaa00000] [id=12720]
  0x00000188fab7aef0 ConcurrentGCThread "G1 Main Marker" [stack: 0x0000003ea8600000,0x0000003ea8700000] [id=8116]
  0x00000188fab7bfb0 ConcurrentGCThread "G1 Conc#0" [stack: 0x0000003ea8700000,0x0000003ea8800000] [id=15700]
  0x00000188972c6850 ConcurrentGCThread "G1 Conc#1" [stack: 0x0000003eaaa00000,0x0000003eaab00000] [id=8268]
  0x00000188972c62f0 ConcurrentGCThread "G1 Conc#2" [stack: 0x0000003eaab00000,0x0000003eaac00000] [id=5052]
  0x00000188fabc6730 ConcurrentGCThread "G1 Refine#0" [stack: 0x0000003ea8800000,0x0000003ea8900000] [id=1688]
  0x00000188ffc12220 ConcurrentGCThread "G1 Service" [stack: 0x0000003ea8900000,0x0000003ea8a00000] [id=16228]

Threads with active compile tasks:
C2 CompilerThread0   761761 14526       4       org.gradle.api.internal.artifacts.ivyservice.resolveengine.result.DesugaredAttributeContainerSerializer::read (155 bytes)
C2 CompilerThread1   761761 14554       4       org.gradle.api.internal.artifacts.ivyservice.resolveengine.result.ResolvedVariantResultSerializer::write (150 bytes)

VM state: not at safepoint (normal execution)

VM Mutex/Monitor currently owned by a thread: None

OutOfMemory and StackOverflow Exception counts:
OutOfMemoryError java_heap_errors=1
StackOverflowErrors=1
LinkageErrors=175

Heap address: 0x0000000080000000, size: 2048 MB, Compressed Oops mode: 32-bit

CDS archive(s) not mapped
Compressed class space mapped at: 0x0000000100000000-0x0000000140000000, reserved size: 1073741824
Narrow klass base: 0x0000000000000000, Narrow klass shift: 3, Narrow klass range: 0x140000000

GC Precious Log:
 CPUs: 12 total, 12 available
 Memory: 5996M
 Large Page Support: Disabled
 NUMA Support: Disabled
 Compressed Oops: Enabled (32-bit)
 Heap Region Size: 1M
 Heap Min Capacity: 8M
 Heap Initial Capacity: 94M
 Heap Max Capacity: 2G
 Pre-touch: Disabled
 Parallel Workers: 10
 Concurrent Workers: 3
 Concurrent Refinement Workers: 10
 Periodic GC: Disabled

Heap:
 garbage-first heap   total 262144K, used 137026K [0x0000000080000000, 0x0000000100000000)
  region size 1024K, 45 young (46080K), 7 survivors (7168K)
 Metaspace       used 108710K, committed 109440K, reserved 1146880K
  class space    used 14329K, committed 14720K, reserved 1048576K

Heap Regions: E=young(eden), S=young(survivor), O=old, HS=humongous(starts), HC=humongous(continues), CS=collection set, F=free, OA=open archive, CA=closed archive, TAMS=top-at-mark-start (previous, next)
|   0|0x0000000080000000, 0x0000000080100000, 0x0000000080100000|100%|HS|  |TAMS 0x0000000080100000, 0x0000000080000000| Complete 
|   1|0x0000000080100000, 0x0000000080200000, 0x0000000080200000|100%|HC|  |TAMS 0x0000000080200000, 0x0000000080100000| Complete 
|   2|0x0000000080200000, 0x0000000080300000, 0x0000000080300000|100%|HC|  |TAMS 0x0000000080300000, 0x0000000080200000| Complete 
|   3|0x0000000080300000, 0x0000000080400000, 0x0000000080400000|100%|HC|  |TAMS 0x0000000080400000, 0x0000000080300000| Complete 
|   4|0x0000000080400000, 0x0000000080500000, 0x0000000080500000|100%| O|  |TAMS 0x0000000080500000, 0x0000000080400000| Untracked 
|   5|0x0000000080500000, 0x0000000080600000, 0x0000000080600000|100%| O|  |TAMS 0x0000000080600000, 0x0000000080500000| Untracked 
|   6|0x0000000080600000, 0x0000000080700000, 0x0000000080700000|100%| O|  |TAMS 0x0000000080700000, 0x0000000080600000| Untracked 
|   7|0x0000000080700000, 0x0000000080800000, 0x0000000080800000|100%| O|  |TAMS 0x0000000080800000, 0x0000000080700000| Untracked 
|   8|0x0000000080800000, 0x0000000080900000, 0x0000000080900000|100%| O|  |TAMS 0x0000000080900000, 0x0000000080800000| Untracked 
|   9|0x0000000080900000, 0x0000000080a00000, 0x0000000080a00000|100%| O|  |TAMS 0x0000000080a00000, 0x0000000080900000| Untracked 
|  10|0x0000000080a00000, 0x0000000080b00000, 0x0000000080b00000|100%| O|  |TAMS 0x0000000080b00000, 0x0000000080a00000| Untracked 
|  11|0x0000000080b00000, 0x0000000080c00000, 0x0000000080c00000|100%| O|  |TAMS 0x0000000080c00000, 0x0000000080b00000| Untracked 
|  12|0x0000000080c00000, 0x0000000080d00000, 0x0000000080d00000|100%| O|  |TAMS 0x0000000080d00000, 0x0000000080c00000| Untracked 
|  13|0x0000000080d00000, 0x0000000080e00000, 0x0000000080e00000|100%| O|  |TAMS 0x0000000080e00000, 0x0000000080d00000| Untracked 
|  14|0x0000000080e00000, 0x0000000080f00000, 0x0000000080f00000|100%| O|  |TAMS 0x0000000080f00000, 0x0000000080e00000| Untracked 
|  15|0x0000000080f00000, 0x0000000081000000, 0x0000000081000000|100%| O|  |TAMS 0x0000000081000000, 0x0000000080f00000| Untracked 
|  16|0x0000000081000000, 0x0000000081100000, 0x0000000081100000|100%| O|  |TAMS 0x0000000081100000, 0x0000000081000000| Untracked 
|  17|0x0000000081100000, 0x0000000081200000, 0x0000000081200000|100%| O|  |TAMS 0x0000000081200000, 0x0000000081100000| Untracked 
|  18|0x0000000081200000, 0x0000000081300000, 0x0000000081300000|100%| O|  |TAMS 0x0000000081300000, 0x0000000081200000| Untracked 
|  19|0x0000000081300000, 0x0000000081400000, 0x0000000081400000|100%| O|  |TAMS 0x0000000081400000, 0x0000000081300000| Untracked 
|  20|0x0000000081400000, 0x0000000081500000, 0x0000000081500000|100%| O|  |TAMS 0x0000000081500000, 0x0000000081400000| Untracked 
|  21|0x0000000081500000, 0x0000000081600000, 0x0000000081600000|100%| O|  |TAMS 0x0000000081600000, 0x0000000081500000| Untracked 
|  22|0x0000000081600000, 0x0000000081700000, 0x0000000081700000|100%| O|  |TAMS 0x0000000081700000, 0x0000000081600000| Untracked 
|  23|0x0000000081700000, 0x0000000081800000, 0x0000000081800000|100%| O|  |TAMS 0x0000000081800000, 0x0000000081700000| Untracked 
|  24|0x0000000081800000, 0x0000000081900000, 0x0000000081900000|100%| O|  |TAMS 0x0000000081900000, 0x0000000081800000| Untracked 
|  25|0x0000000081900000, 0x0000000081a00000, 0x0000000081a00000|100%| O|  |TAMS 0x0000000081a00000, 0x0000000081900000| Untracked 
|  26|0x0000000081a00000, 0x0000000081b00000, 0x0000000081b00000|100%| O|  |TAMS 0x0000000081b00000, 0x0000000081a00000| Untracked 
|  27|0x0000000081b00000, 0x0000000081c00000, 0x0000000081c00000|100%| O|  |TAMS 0x0000000081c00000, 0x0000000081b00000| Untracked 
|  28|0x0000000081c00000, 0x0000000081d00000, 0x0000000081d00000|100%| O|  |TAMS 0x0000000081d00000, 0x0000000081c00000| Untracked 
|  29|0x0000000081d00000, 0x0000000081e00000, 0x0000000081e00000|100%| O|  |TAMS 0x0000000081e00000, 0x0000000081d00000| Untracked 
|  30|0x0000000081e00000, 0x0000000081f00000, 0x0000000081f00000|100%| O|  |TAMS 0x0000000081f00000, 0x0000000081e00000| Untracked 
|  31|0x0000000081f00000, 0x0000000082000000, 0x0000000082000000|100%| O|  |TAMS 0x0000000082000000, 0x0000000081f00000| Untracked 
|  32|0x0000000082000000, 0x0000000082100000, 0x0000000082100000|100%|HS|  |TAMS 0x0000000082100000, 0x0000000082000000| Complete 
|  33|0x0000000082100000, 0x0000000082200000, 0x0000000082200000|100%|HS|  |TAMS 0x0000000082200000, 0x0000000082100000| Complete 
|  34|0x0000000082200000, 0x0000000082300000, 0x0000000082300000|100%|HS|  |TAMS 0x0000000082300000, 0x0000000082200000| Complete 
|  35|0x0000000082300000, 0x0000000082400000, 0x0000000082400000|100%| O|  |TAMS 0x0000000082400000, 0x0000000082300000| Untracked 
|  36|0x0000000082400000, 0x0000000082500000, 0x0000000082500000|100%| O|  |TAMS 0x0000000082500000, 0x0000000082400000| Untracked 
|  37|0x0000000082500000, 0x0000000082600000, 0x0000000082600000|100%| O|  |TAMS 0x0000000082600000, 0x0000000082500000| Untracked 
|  38|0x0000000082600000, 0x0000000082700000, 0x0000000082700000|100%| O|  |TAMS 0x0000000082700000, 0x0000000082600000| Untracked 
|  39|0x0000000082700000, 0x0000000082800000, 0x0000000082800000|100%| O|  |TAMS 0x0000000082800000, 0x0000000082700000| Untracked 
|  40|0x0000000082800000, 0x0000000082900000, 0x0000000082900000|100%| O|  |TAMS 0x0000000082900000, 0x0000000082800000| Untracked 
|  41|0x0000000082900000, 0x0000000082a00000, 0x0000000082a00000|100%| O|  |TAMS 0x0000000082a00000, 0x0000000082900000| Untracked 
|  42|0x0000000082a00000, 0x0000000082b00000, 0x0000000082b00000|100%| O|  |TAMS 0x0000000082b00000, 0x0000000082a00000| Untracked 
|  43|0x0000000082b00000, 0x0000000082c00000, 0x0000000082c00000|100%| O|  |TAMS 0x0000000082c00000, 0x0000000082b00000| Untracked 
|  44|0x0000000082c00000, 0x0000000082d00000, 0x0000000082d00000|100%| O|  |TAMS 0x0000000082d00000, 0x0000000082c00000| Untracked 
|  45|0x0000000082d00000, 0x0000000082e00000, 0x0000000082e00000|100%| O|  |TAMS 0x0000000082e00000, 0x0000000082d00000| Untracked 
|  46|0x0000000082e00000, 0x0000000082e00000, 0x0000000082f00000|  0%| F|  |TAMS 0x0000000082e00000, 0x0000000082e00000| Untracked 
|  47|0x0000000082f00000, 0x0000000083000000, 0x0000000083000000|100%| O|  |TAMS 0x0000000083000000, 0x0000000082f00000| Untracked 
|  48|0x0000000083000000, 0x0000000083000000, 0x0000000083100000|  0%| F|  |TAMS 0x0000000083000000, 0x0000000083000000| Untracked 
|  49|0x0000000083100000, 0x0000000083100000, 0x0000000083200000|  0%| F|  |TAMS 0x0000000083100000, 0x0000000083100000| Untracked 
|  50|0x0000000083200000, 0x0000000083300000, 0x0000000083300000|100%| O|  |TAMS 0x0000000083300000, 0x0000000083200000| Untracked 
|  51|0x0000000083300000, 0x0000000083400000, 0x0000000083400000|100%| O|  |TAMS 0x0000000083400000, 0x0000000083300000| Untracked 
|  52|0x0000000083400000, 0x0000000083500000, 0x0000000083500000|100%| O|  |TAMS 0x0000000083500000, 0x0000000083400000| Untracked 
|  53|0x0000000083500000, 0x0000000083600000, 0x0000000083600000|100%| O|  |TAMS 0x0000000083600000, 0x0000000083500000| Complete 
|  54|0x0000000083600000, 0x0000000083700000, 0x0000000083700000|100%| O|  |TAMS 0x0000000083700000, 0x0000000083600000| Untracked 
|  55|0x0000000083700000, 0x0000000083700000, 0x0000000083800000|  0%| F|  |TAMS 0x0000000083700000, 0x0000000083700000| Untracked 
|  56|0x0000000083800000, 0x0000000083900000, 0x0000000083900000|100%| O|  |TAMS 0x0000000083900000, 0x0000000083800000| Untracked 
|  57|0x0000000083900000, 0x0000000083a00000, 0x0000000083a00000|100%| O|  |TAMS 0x0000000083a00000, 0x0000000083900000| Untracked 
|  58|0x0000000083a00000, 0x0000000083b00000, 0x0000000083b00000|100%| O|  |TAMS 0x0000000083b00000, 0x0000000083a00000| Untracked 
|  59|0x0000000083b00000, 0x0000000083c00000, 0x0000000083c00000|100%| O|  |TAMS 0x0000000083c00000, 0x0000000083b00000| Untracked 
|  60|0x0000000083c00000, 0x0000000083d00000, 0x0000000083d00000|100%| O|  |TAMS 0x0000000083d00000, 0x0000000083c00000| Untracked 
|  61|0x0000000083d00000, 0x0000000083e00000, 0x0000000083e00000|100%| O|  |TAMS 0x0000000083e00000, 0x0000000083d00000| Untracked 
|  62|0x0000000083e00000, 0x0000000083f00000, 0x0000000083f00000|100%| O|  |TAMS 0x0000000083f00000, 0x0000000083e00000| Untracked 
|  63|0x0000000083f00000, 0x0000000084000000, 0x0000000084000000|100%| O|  |TAMS 0x0000000084000000, 0x0000000083f00000| Untracked 
|  64|0x0000000084000000, 0x0000000084100000, 0x0000000084100000|100%| O|  |TAMS 0x0000000084100000, 0x0000000084000000| Untracked 
|  65|0x0000000084100000, 0x0000000084200000, 0x0000000084200000|100%| O|  |TAMS 0x0000000084200000, 0x0000000084100000| Untracked 
|  66|0x0000000084200000, 0x0000000084300000, 0x0000000084300000|100%| O|  |TAMS 0x0000000084300000, 0x0000000084200000| Untracked 
|  67|0x0000000084300000, 0x0000000084400000, 0x0000000084400000|100%| O|  |TAMS 0x0000000084400000, 0x0000000084300000| Untracked 
|  68|0x0000000084400000, 0x0000000084500000, 0x0000000084500000|100%| O|  |TAMS 0x0000000084500000, 0x0000000084400000| Untracked 
|  69|0x0000000084500000, 0x0000000084600000, 0x0000000084600000|100%| O|  |TAMS 0x0000000084600000, 0x0000000084500000| Untracked 
|  70|0x0000000084600000, 0x0000000084700000, 0x0000000084700000|100%| O|  |TAMS 0x0000000084700000, 0x0000000084600000| Untracked 
|  71|0x0000000084700000, 0x0000000084800000, 0x0000000084800000|100%| O|  |TAMS 0x0000000084800000, 0x0000000084700000| Untracked 
|  72|0x0000000084800000, 0x0000000084900000, 0x0000000084900000|100%| O|  |TAMS 0x0000000084900000, 0x0000000084800000| Untracked 
|  73|0x0000000084900000, 0x0000000084a00000, 0x0000000084a00000|100%| O|  |TAMS 0x0000000084a00000, 0x0000000084900000| Untracked 
|  74|0x0000000084a00000, 0x0000000084a00000, 0x0000000084b00000|  0%| F|  |TAMS 0x0000000084a00000, 0x0000000084a00000| Untracked 
|  75|0x0000000084b00000, 0x0000000084b00000, 0x0000000084c00000|  0%| F|  |TAMS 0x0000000084b00000, 0x0000000084b00000| Untracked 
|  76|0x0000000084c00000, 0x0000000084c00000, 0x0000000084d00000|  0%| F|  |TAMS 0x0000000084c00000, 0x0000000084c00000| Untracked 
|  77|0x0000000084d00000, 0x0000000084d00000, 0x0000000084e00000|  0%| F|  |TAMS 0x0000000084d00000, 0x0000000084d00000| Untracked 
|  78|0x0000000084e00000, 0x0000000084e00000, 0x0000000084f00000|  0%| F|  |TAMS 0x0000000084e00000, 0x0000000084e00000| Untracked 
|  79|0x0000000084f00000, 0x0000000084f00000, 0x0000000085000000|  0%| F|  |TAMS 0x0000000084f00000, 0x0000000084f00000| Untracked 
|  80|0x0000000085000000, 0x0000000085000000, 0x0000000085100000|  0%| F|  |TAMS 0x0000000085000000, 0x0000000085000000| Untracked 
|  81|0x0000000085100000, 0x0000000085100000, 0x0000000085200000|  0%| F|  |TAMS 0x0000000085100000, 0x0000000085100000| Untracked 
|  82|0x0000000085200000, 0x0000000085200000, 0x0000000085300000|  0%| F|  |TAMS 0x0000000085200000, 0x0000000085200000| Untracked 
|  83|0x0000000085300000, 0x0000000085300000, 0x0000000085400000|  0%| F|  |TAMS 0x0000000085300000, 0x0000000085300000| Untracked 
|  84|0x0000000085400000, 0x0000000085400000, 0x0000000085500000|  0%| F|  |TAMS 0x0000000085400000, 0x0000000085400000| Untracked 
|  85|0x0000000085500000, 0x0000000085500000, 0x0000000085600000|  0%| F|  |TAMS 0x0000000085500000, 0x0000000085500000| Untracked 
|  86|0x0000000085600000, 0x0000000085600000, 0x0000000085700000|  0%| F|  |TAMS 0x0000000085600000, 0x0000000085600000| Untracked 
|  87|0x0000000085700000, 0x0000000085700000, 0x0000000085800000|  0%| F|  |TAMS 0x0000000085700000, 0x0000000085700000| Untracked 
|  88|0x0000000085800000, 0x0000000085800000, 0x0000000085900000|  0%| F|  |TAMS 0x0000000085800000, 0x0000000085800000| Untracked 
|  89|0x0000000085900000, 0x0000000085900000, 0x0000000085a00000|  0%| F|  |TAMS 0x0000000085900000, 0x0000000085900000| Untracked 
|  90|0x0000000085a00000, 0x0000000085b00000, 0x0000000085b00000|100%| O|  |TAMS 0x0000000085b00000, 0x0000000085a00000| Untracked 
|  91|0x0000000085b00000, 0x0000000085c00000, 0x0000000085c00000|100%| O|  |TAMS 0x0000000085c00000, 0x0000000085b00000| Untracked 
|  92|0x0000000085c00000, 0x0000000085d00000, 0x0000000085d00000|100%| O|  |TAMS 0x0000000085d00000, 0x0000000085c00000| Untracked 
|  93|0x0000000085d00000, 0x0000000085e00000, 0x0000000085e00000|100%| O|  |TAMS 0x0000000085e00000, 0x0000000085d00000| Untracked 
|  94|0x0000000085e00000, 0x0000000085f00000, 0x0000000085f00000|100%| O|  |TAMS 0x0000000085f00000, 0x0000000085e00000| Untracked 
|  95|0x0000000085f00000, 0x0000000086000000, 0x0000000086000000|100%| O|  |TAMS 0x0000000086000000, 0x0000000085f00000| Untracked 
|  96|0x0000000086000000, 0x0000000086100000, 0x0000000086100000|100%| O|  |TAMS 0x0000000086100000, 0x0000000086000000| Untracked 
|  97|0x0000000086100000, 0x00000000861d0800, 0x0000000086200000| 81%| O|  |TAMS 0x00000000861d0800, 0x0000000086100000| Untracked 
|  98|0x0000000086200000, 0x0000000086200000, 0x0000000086300000|  0%| F|  |TAMS 0x0000000086200000, 0x0000000086200000| Untracked 
|  99|0x0000000086300000, 0x0000000086300000, 0x0000000086400000|  0%| F|  |TAMS 0x0000000086300000, 0x0000000086300000| Untracked 
| 100|0x0000000086400000, 0x0000000086400000, 0x0000000086500000|  0%| F|  |TAMS 0x0000000086400000, 0x0000000086400000| Untracked 
| 101|0x0000000086500000, 0x0000000086500000, 0x0000000086600000|  0%| F|  |TAMS 0x0000000086500000, 0x0000000086500000| Untracked 
| 102|0x0000000086600000, 0x0000000086600000, 0x0000000086700000|  0%| F|  |TAMS 0x0000000086600000, 0x0000000086600000| Untracked 
| 103|0x0000000086700000, 0x0000000086700000, 0x0000000086800000|  0%| F|  |TAMS 0x0000000086700000, 0x0000000086700000| Untracked 
| 104|0x0000000086800000, 0x0000000086900000, 0x0000000086900000|100%| O|  |TAMS 0x0000000086900000, 0x0000000086800000| Untracked 
| 105|0x0000000086900000, 0x0000000086a00000, 0x0000000086a00000|100%| O|  |TAMS 0x0000000086a00000, 0x0000000086900000| Untracked 
| 106|0x0000000086a00000, 0x0000000086b00000, 0x0000000086b00000|100%| O|  |TAMS 0x0000000086b00000, 0x0000000086a00000| Untracked 
| 107|0x0000000086b00000, 0x0000000086c00000, 0x0000000086c00000|100%| O|  |TAMS 0x0000000086c00000, 0x0000000086b00000| Untracked 
| 108|0x0000000086c00000, 0x0000000086d00000, 0x0000000086d00000|100%| O|  |TAMS 0x0000000086d00000, 0x0000000086c00000| Untracked 
| 109|0x0000000086d00000, 0x0000000086e00000, 0x0000000086e00000|100%| O|  |TAMS 0x0000000086e00000, 0x0000000086d00000| Untracked 
| 110|0x0000000086e00000, 0x0000000086f00000, 0x0000000086f00000|100%| O|  |TAMS 0x0000000086f00000, 0x0000000086e00000| Untracked 
| 111|0x0000000086f00000, 0x0000000087000000, 0x0000000087000000|100%| O|  |TAMS 0x0000000087000000, 0x0000000086f00000| Untracked 
| 112|0x0000000087000000, 0x0000000087100000, 0x0000000087100000|100%| O|  |TAMS 0x0000000087100000, 0x0000000087000000| Untracked 
| 113|0x0000000087100000, 0x0000000087200000, 0x0000000087200000|100%| O|  |TAMS 0x0000000087200000, 0x0000000087100000| Untracked 
| 114|0x0000000087200000, 0x0000000087300000, 0x0000000087300000|100%| O|  |TAMS 0x0000000087300000, 0x0000000087200000| Untracked 
| 115|0x0000000087300000, 0x0000000087400000, 0x0000000087400000|100%| O|  |TAMS 0x0000000087400000, 0x0000000087300000| Complete 
| 116|0x0000000087400000, 0x0000000087500000, 0x0000000087500000|100%| O|  |TAMS 0x0000000087500000, 0x0000000087400000| Untracked 
| 117|0x0000000087500000, 0x0000000087500000, 0x0000000087600000|  0%| F|  |TAMS 0x0000000087500000, 0x0000000087500000| Untracked 
| 118|0x0000000087600000, 0x0000000087600000, 0x0000000087700000|  0%| F|  |TAMS 0x0000000087600000, 0x0000000087600000| Untracked 
| 119|0x0000000087700000, 0x0000000087700000, 0x0000000087800000|  0%| F|  |TAMS 0x0000000087700000, 0x0000000087700000| Untracked 
| 120|0x0000000087800000, 0x0000000087800000, 0x0000000087900000|  0%| F|  |TAMS 0x0000000087800000, 0x0000000087800000| Untracked 
| 121|0x0000000087900000, 0x0000000087900000, 0x0000000087a00000|  0%| F|  |TAMS 0x0000000087900000, 0x0000000087900000| Untracked 
| 122|0x0000000087a00000, 0x0000000087a00000, 0x0000000087b00000|  0%| F|  |TAMS 0x0000000087a00000, 0x0000000087a00000| Untracked 
| 123|0x0000000087b00000, 0x0000000087b00000, 0x0000000087c00000|  0%| F|  |TAMS 0x0000000087b00000, 0x0000000087b00000| Untracked 
| 124|0x0000000087c00000, 0x0000000087c00000, 0x0000000087d00000|  0%| F|  |TAMS 0x0000000087c00000, 0x0000000087c00000| Untracked 
| 125|0x0000000087d00000, 0x0000000087d00000, 0x0000000087e00000|  0%| F|  |TAMS 0x0000000087d00000, 0x0000000087d00000| Untracked 
| 126|0x0000000087e00000, 0x0000000087e00000, 0x0000000087f00000|  0%| F|  |TAMS 0x0000000087e00000, 0x0000000087e00000| Untracked 
| 127|0x0000000087f00000, 0x0000000087f00000, 0x0000000088000000|  0%| F|  |TAMS 0x0000000087f00000, 0x0000000087f00000| Untracked 
| 128|0x0000000088000000, 0x0000000088000000, 0x0000000088100000|  0%| F|  |TAMS 0x0000000088000000, 0x0000000088000000| Untracked 
| 129|0x0000000088100000, 0x0000000088100000, 0x0000000088200000|  0%| F|  |TAMS 0x0000000088100000, 0x0000000088100000| Untracked 
| 130|0x0000000088200000, 0x0000000088200000, 0x0000000088300000|  0%| F|  |TAMS 0x0000000088200000, 0x0000000088200000| Untracked 
| 131|0x0000000088300000, 0x0000000088300000, 0x0000000088400000|  0%| F|  |TAMS 0x0000000088300000, 0x0000000088300000| Untracked 
| 132|0x0000000088400000, 0x0000000088400000, 0x0000000088500000|  0%| F|  |TAMS 0x0000000088400000, 0x0000000088400000| Untracked 
| 133|0x0000000088500000, 0x0000000088500000, 0x0000000088600000|  0%| F|  |TAMS 0x0000000088500000, 0x0000000088500000| Untracked 
| 134|0x0000000088600000, 0x0000000088600000, 0x0000000088700000|  0%| F|  |TAMS 0x0000000088600000, 0x0000000088600000| Untracked 
| 135|0x0000000088700000, 0x0000000088700000, 0x0000000088800000|  0%| F|  |TAMS 0x0000000088700000, 0x0000000088700000| Untracked 
| 136|0x0000000088800000, 0x0000000088800000, 0x0000000088900000|  0%| F|  |TAMS 0x0000000088800000, 0x0000000088800000| Untracked 
| 137|0x0000000088900000, 0x0000000088900000, 0x0000000088a00000|  0%| F|  |TAMS 0x0000000088900000, 0x0000000088900000| Untracked 
| 138|0x0000000088a00000, 0x0000000088a00000, 0x0000000088b00000|  0%| F|  |TAMS 0x0000000088a00000, 0x0000000088a00000| Untracked 
| 139|0x0000000088b00000, 0x0000000088b00000, 0x0000000088c00000|  0%| F|  |TAMS 0x0000000088b00000, 0x0000000088b00000| Untracked 
| 140|0x0000000088c00000, 0x0000000088c00000, 0x0000000088d00000|  0%| F|  |TAMS 0x0000000088c00000, 0x0000000088c00000| Untracked 
| 141|0x0000000088d00000, 0x0000000088d00000, 0x0000000088e00000|  0%| F|  |TAMS 0x0000000088d00000, 0x0000000088d00000| Untracked 
| 142|0x0000000088e00000, 0x0000000088e00000, 0x0000000088f00000|  0%| F|  |TAMS 0x0000000088e00000, 0x0000000088e00000| Untracked 
| 143|0x0000000088f00000, 0x0000000088f00000, 0x0000000089000000|  0%| F|  |TAMS 0x0000000088f00000, 0x0000000088f00000| Untracked 
| 144|0x0000000089000000, 0x0000000089000000, 0x0000000089100000|  0%| F|  |TAMS 0x0000000089000000, 0x0000000089000000| Untracked 
| 145|0x0000000089100000, 0x0000000089100000, 0x0000000089200000|  0%| F|  |TAMS 0x0000000089100000, 0x0000000089100000| Untracked 
| 146|0x0000000089200000, 0x0000000089200000, 0x0000000089300000|  0%| F|  |TAMS 0x0000000089200000, 0x0000000089200000| Untracked 
| 147|0x0000000089300000, 0x0000000089300000, 0x0000000089400000|  0%| F|  |TAMS 0x0000000089300000, 0x0000000089300000| Untracked 
| 148|0x0000000089400000, 0x0000000089400000, 0x0000000089500000|  0%| F|  |TAMS 0x0000000089400000, 0x0000000089400000| Untracked 
| 149|0x0000000089500000, 0x0000000089500000, 0x0000000089600000|  0%| F|  |TAMS 0x0000000089500000, 0x0000000089500000| Untracked 
| 150|0x0000000089600000, 0x0000000089600000, 0x0000000089700000|  0%| F|  |TAMS 0x0000000089600000, 0x0000000089600000| Untracked 
| 151|0x0000000089700000, 0x0000000089700000, 0x0000000089800000|  0%| F|  |TAMS 0x0000000089700000, 0x0000000089700000| Untracked 
| 152|0x0000000089800000, 0x0000000089800000, 0x0000000089900000|  0%| F|  |TAMS 0x0000000089800000, 0x0000000089800000| Untracked 
| 153|0x0000000089900000, 0x0000000089900000, 0x0000000089a00000|  0%| F|  |TAMS 0x0000000089900000, 0x0000000089900000| Untracked 
| 154|0x0000000089a00000, 0x0000000089a00000, 0x0000000089b00000|  0%| F|  |TAMS 0x0000000089a00000, 0x0000000089a00000| Untracked 
| 155|0x0000000089b00000, 0x0000000089b00000, 0x0000000089c00000|  0%| F|  |TAMS 0x0000000089b00000, 0x0000000089b00000| Untracked 
| 156|0x0000000089c00000, 0x0000000089c00000, 0x0000000089d00000|  0%| F|  |TAMS 0x0000000089c00000, 0x0000000089c00000| Untracked 
| 157|0x0000000089d00000, 0x0000000089d00000, 0x0000000089e00000|  0%| F|  |TAMS 0x0000000089d00000, 0x0000000089d00000| Untracked 
| 158|0x0000000089e00000, 0x0000000089e00000, 0x0000000089f00000|  0%| F|  |TAMS 0x0000000089e00000, 0x0000000089e00000| Untracked 
| 159|0x0000000089f00000, 0x0000000089f00000, 0x000000008a000000|  0%| F|  |TAMS 0x0000000089f00000, 0x0000000089f00000| Untracked 
| 160|0x000000008a000000, 0x000000008a000000, 0x000000008a100000|  0%| F|  |TAMS 0x000000008a000000, 0x000000008a000000| Untracked 
| 161|0x000000008a100000, 0x000000008a100000, 0x000000008a200000|  0%| F|  |TAMS 0x000000008a100000, 0x000000008a100000| Untracked 
| 162|0x000000008a200000, 0x000000008a200000, 0x000000008a300000|  0%| F|  |TAMS 0x000000008a200000, 0x000000008a200000| Untracked 
| 163|0x000000008a300000, 0x000000008a300000, 0x000000008a400000|  0%| F|  |TAMS 0x000000008a300000, 0x000000008a300000| Untracked 
| 164|0x000000008a400000, 0x000000008a400000, 0x000000008a500000|  0%| F|  |TAMS 0x000000008a400000, 0x000000008a400000| Untracked 
| 165|0x000000008a500000, 0x000000008a500000, 0x000000008a600000|  0%| F|  |TAMS 0x000000008a500000, 0x000000008a500000| Untracked 
| 166|0x000000008a600000, 0x000000008a600000, 0x000000008a700000|  0%| F|  |TAMS 0x000000008a600000, 0x000000008a600000| Untracked 
| 167|0x000000008a700000, 0x000000008a700000, 0x000000008a800000|  0%| F|  |TAMS 0x000000008a700000, 0x000000008a700000| Untracked 
| 168|0x000000008a800000, 0x000000008a800000, 0x000000008a900000|  0%| F|  |TAMS 0x000000008a800000, 0x000000008a800000| Untracked 
| 169|0x000000008a900000, 0x000000008a900000, 0x000000008aa00000|  0%| F|  |TAMS 0x000000008a900000, 0x000000008a900000| Untracked 
| 170|0x000000008aa00000, 0x000000008aa00000, 0x000000008ab00000|  0%| F|  |TAMS 0x000000008aa00000, 0x000000008aa00000| Untracked 
| 171|0x000000008ab00000, 0x000000008ab00000, 0x000000008ac00000|  0%| F|  |TAMS 0x000000008ab00000, 0x000000008ab00000| Untracked 
| 172|0x000000008ac00000, 0x000000008ac00000, 0x000000008ad00000|  0%| F|  |TAMS 0x000000008ac00000, 0x000000008ac00000| Untracked 
| 173|0x000000008ad00000, 0x000000008ad00000, 0x000000008ae00000|  0%| F|  |TAMS 0x000000008ad00000, 0x000000008ad00000| Untracked 
| 174|0x000000008ae00000, 0x000000008ae00000, 0x000000008af00000|  0%| F|  |TAMS 0x000000008ae00000, 0x000000008ae00000| Untracked 
| 175|0x000000008af00000, 0x000000008af00000, 0x000000008b000000|  0%| F|  |TAMS 0x000000008af00000, 0x000000008af00000| Untracked 
| 176|0x000000008b000000, 0x000000008b000000, 0x000000008b100000|  0%| F|  |TAMS 0x000000008b000000, 0x000000008b000000| Untracked 
| 177|0x000000008b100000, 0x000000008b100000, 0x000000008b200000|  0%| F|  |TAMS 0x000000008b100000, 0x000000008b100000| Untracked 
| 178|0x000000008b200000, 0x000000008b200000, 0x000000008b300000|  0%| F|  |TAMS 0x000000008b200000, 0x000000008b200000| Untracked 
| 179|0x000000008b300000, 0x000000008b300000, 0x000000008b400000|  0%| F|  |TAMS 0x000000008b300000, 0x000000008b300000| Untracked 
| 180|0x000000008b400000, 0x000000008b400000, 0x000000008b500000|  0%| F|  |TAMS 0x000000008b400000, 0x000000008b400000| Untracked 
| 181|0x000000008b500000, 0x000000008b500000, 0x000000008b600000|  0%| F|  |TAMS 0x000000008b500000, 0x000000008b500000| Untracked 
| 182|0x000000008b600000, 0x000000008b600000, 0x000000008b700000|  0%| F|  |TAMS 0x000000008b600000, 0x000000008b600000| Untracked 
| 183|0x000000008b700000, 0x000000008b700000, 0x000000008b800000|  0%| F|  |TAMS 0x000000008b700000, 0x000000008b700000| Untracked 
| 184|0x000000008b800000, 0x000000008b800000, 0x000000008b900000|  0%| F|  |TAMS 0x000000008b800000, 0x000000008b800000| Untracked 
| 185|0x000000008b900000, 0x000000008b900000, 0x000000008ba00000|  0%| F|  |TAMS 0x000000008b900000, 0x000000008b900000| Untracked 
| 186|0x000000008ba00000, 0x000000008ba00000, 0x000000008bb00000|  0%| F|  |TAMS 0x000000008ba00000, 0x000000008ba00000| Untracked 
| 187|0x000000008bb00000, 0x000000008bb00000, 0x000000008bc00000|  0%| F|  |TAMS 0x000000008bb00000, 0x000000008bb00000| Untracked 
| 188|0x000000008bc00000, 0x000000008bc00000, 0x000000008bd00000|  0%| F|  |TAMS 0x000000008bc00000, 0x000000008bc00000| Untracked 
| 189|0x000000008bd00000, 0x000000008bd00000, 0x000000008be00000|  0%| F|  |TAMS 0x000000008bd00000, 0x000000008bd00000| Untracked 
| 190|0x000000008be00000, 0x000000008be00000, 0x000000008bf00000|  0%| F|  |TAMS 0x000000008be00000, 0x000000008be00000| Untracked 
| 191|0x000000008bf00000, 0x000000008bf00000, 0x000000008c000000|  0%| F|  |TAMS 0x000000008bf00000, 0x000000008bf00000| Untracked 
| 192|0x000000008c000000, 0x000000008c000000, 0x000000008c100000|  0%| F|  |TAMS 0x000000008c000000, 0x000000008c000000| Untracked 
| 193|0x000000008c100000, 0x000000008c100000, 0x000000008c200000|  0%| F|  |TAMS 0x000000008c100000, 0x000000008c100000| Untracked 
| 194|0x000000008c200000, 0x000000008c200000, 0x000000008c300000|  0%| F|  |TAMS 0x000000008c200000, 0x000000008c200000| Untracked 
| 195|0x000000008c300000, 0x000000008c300000, 0x000000008c400000|  0%| F|  |TAMS 0x000000008c300000, 0x000000008c300000| Untracked 
| 196|0x000000008c400000, 0x000000008c400000, 0x000000008c500000|  0%| F|  |TAMS 0x000000008c400000, 0x000000008c400000| Untracked 
| 197|0x000000008c500000, 0x000000008c500000, 0x000000008c600000|  0%| F|  |TAMS 0x000000008c500000, 0x000000008c500000| Untracked 
| 198|0x000000008c600000, 0x000000008c600000, 0x000000008c700000|  0%| F|  |TAMS 0x000000008c600000, 0x000000008c600000| Untracked 
| 199|0x000000008c700000, 0x000000008c700000, 0x000000008c800000|  0%| F|  |TAMS 0x000000008c700000, 0x000000008c700000| Untracked 
| 200|0x000000008c800000, 0x000000008c800000, 0x000000008c900000|  0%| F|  |TAMS 0x000000008c800000, 0x000000008c800000| Untracked 
| 201|0x000000008c900000, 0x000000008c900000, 0x000000008ca00000|  0%| F|  |TAMS 0x000000008c900000, 0x000000008c900000| Untracked 
| 202|0x000000008ca00000, 0x000000008ca00000, 0x000000008cb00000|  0%| F|  |TAMS 0x000000008ca00000, 0x000000008ca00000| Untracked 
| 203|0x000000008cb00000, 0x000000008cb00000, 0x000000008cc00000|  0%| F|  |TAMS 0x000000008cb00000, 0x000000008cb00000| Untracked 
| 204|0x000000008cc00000, 0x000000008cc00000, 0x000000008cd00000|  0%| F|  |TAMS 0x000000008cc00000, 0x000000008cc00000| Untracked 
| 205|0x000000008cd00000, 0x000000008cd00000, 0x000000008ce00000|  0%| F|  |TAMS 0x000000008cd00000, 0x000000008cd00000| Untracked 
| 206|0x000000008ce00000, 0x000000008ce00000, 0x000000008cf00000|  0%| F|  |TAMS 0x000000008ce00000, 0x000000008ce00000| Untracked 
| 207|0x000000008cf00000, 0x000000008cf00000, 0x000000008d000000|  0%| F|  |TAMS 0x000000008cf00000, 0x000000008cf00000| Untracked 
| 208|0x000000008d000000, 0x000000008d000000, 0x000000008d100000|  0%| F|  |TAMS 0x000000008d000000, 0x000000008d000000| Untracked 
| 209|0x000000008d100000, 0x000000008d100000, 0x000000008d200000|  0%| F|  |TAMS 0x000000008d100000, 0x000000008d100000| Untracked 
| 210|0x000000008d200000, 0x000000008d200000, 0x000000008d300000|  0%| F|  |TAMS 0x000000008d200000, 0x000000008d200000| Untracked 
| 211|0x000000008d300000, 0x000000008d35b800, 0x000000008d400000| 35%| E|  |TAMS 0x000000008d300000, 0x000000008d300000| Complete 
| 212|0x000000008d400000, 0x000000008d500000, 0x000000008d500000|100%| E|CS|TAMS 0x000000008d400000, 0x000000008d400000| Complete 
| 213|0x000000008d500000, 0x000000008d600000, 0x000000008d600000|100%| E|CS|TAMS 0x000000008d500000, 0x000000008d500000| Complete 
| 214|0x000000008d600000, 0x000000008d700000, 0x000000008d700000|100%| E|CS|TAMS 0x000000008d600000, 0x000000008d600000| Complete 
| 215|0x000000008d700000, 0x000000008d800000, 0x000000008d800000|100%| E|  |TAMS 0x000000008d700000, 0x000000008d700000| Complete 
| 216|0x000000008d800000, 0x000000008d900000, 0x000000008d900000|100%| E|CS|TAMS 0x000000008d800000, 0x000000008d800000| Complete 
| 217|0x000000008d900000, 0x000000008da00000, 0x000000008da00000|100%| E|CS|TAMS 0x000000008d900000, 0x000000008d900000| Complete 
| 218|0x000000008da00000, 0x000000008db00000, 0x000000008db00000|100%| E|CS|TAMS 0x000000008da00000, 0x000000008da00000| Complete 
| 219|0x000000008db00000, 0x000000008dc00000, 0x000000008dc00000|100%| E|CS|TAMS 0x000000008db00000, 0x000000008db00000| Complete 
| 220|0x000000008dc00000, 0x000000008dd00000, 0x000000008dd00000|100%| E|CS|TAMS 0x000000008dc00000, 0x000000008dc00000| Complete 
| 221|0x000000008dd00000, 0x000000008de00000, 0x000000008de00000|100%| E|CS|TAMS 0x000000008dd00000, 0x000000008dd00000| Complete 
| 222|0x000000008de00000, 0x000000008df00000, 0x000000008df00000|100%| E|CS|TAMS 0x000000008de00000, 0x000000008de00000| Complete 
| 223|0x000000008df00000, 0x000000008e000000, 0x000000008e000000|100%| E|CS|TAMS 0x000000008df00000, 0x000000008df00000| Complete 
| 224|0x000000008e000000, 0x000000008e100000, 0x000000008e100000|100%| E|CS|TAMS 0x000000008e000000, 0x000000008e000000| Complete 
| 225|0x000000008e100000, 0x000000008e200000, 0x000000008e200000|100%| E|CS|TAMS 0x000000008e100000, 0x000000008e100000| Complete 
| 226|0x000000008e200000, 0x000000008e300000, 0x000000008e300000|100%| S|CS|TAMS 0x000000008e200000, 0x000000008e200000| Complete 
| 227|0x000000008e300000, 0x000000008e400000, 0x000000008e400000|100%| S|CS|TAMS 0x000000008e300000, 0x000000008e300000| Complete 
| 228|0x000000008e400000, 0x000000008e500000, 0x000000008e500000|100%| S|CS|TAMS 0x000000008e400000, 0x000000008e400000| Complete 
| 229|0x000000008e500000, 0x000000008e600000, 0x000000008e600000|100%| S|CS|TAMS 0x000000008e500000, 0x000000008e500000| Complete 
| 230|0x000000008e600000, 0x000000008e700000, 0x000000008e700000|100%| S|CS|TAMS 0x000000008e600000, 0x000000008e600000| Complete 
| 231|0x000000008e700000, 0x000000008e800000, 0x000000008e800000|100%| S|CS|TAMS 0x000000008e700000, 0x000000008e700000| Complete 
| 232|0x000000008e800000, 0x000000008e900000, 0x000000008e900000|100%| S|CS|TAMS 0x000000008e800000, 0x000000008e800000| Complete 
| 233|0x000000008e900000, 0x000000008ea00000, 0x000000008ea00000|100%| E|CS|TAMS 0x000000008e900000, 0x000000008e900000| Complete 
| 234|0x000000008ea00000, 0x000000008eb00000, 0x000000008eb00000|100%| E|CS|TAMS 0x000000008ea00000, 0x000000008ea00000| Complete 
| 235|0x000000008eb00000, 0x000000008ec00000, 0x000000008ec00000|100%| E|CS|TAMS 0x000000008eb00000, 0x000000008eb00000| Complete 
| 236|0x000000008ec00000, 0x000000008ed00000, 0x000000008ed00000|100%| E|CS|TAMS 0x000000008ec00000, 0x000000008ec00000| Complete 
| 237|0x000000008ed00000, 0x000000008ee00000, 0x000000008ee00000|100%| E|CS|TAMS 0x000000008ed00000, 0x000000008ed00000| Complete 
| 238|0x000000008ee00000, 0x000000008ef00000, 0x000000008ef00000|100%| E|CS|TAMS 0x000000008ee00000, 0x000000008ee00000| Complete 
| 239|0x000000008ef00000, 0x000000008f000000, 0x000000008f000000|100%| E|CS|TAMS 0x000000008ef00000, 0x000000008ef00000| Complete 
| 240|0x000000008f000000, 0x000000008f100000, 0x000000008f100000|100%| E|CS|TAMS 0x000000008f000000, 0x000000008f000000| Complete 
| 241|0x000000008f100000, 0x000000008f200000, 0x000000008f200000|100%| E|CS|TAMS 0x000000008f100000, 0x000000008f100000| Complete 
| 242|0x000000008f200000, 0x000000008f300000, 0x000000008f300000|100%| E|CS|TAMS 0x000000008f200000, 0x000000008f200000| Complete 
| 243|0x000000008f300000, 0x000000008f400000, 0x000000008f400000|100%| E|CS|TAMS 0x000000008f300000, 0x000000008f300000| Complete 
| 244|0x000000008f400000, 0x000000008f500000, 0x000000008f500000|100%| E|CS|TAMS 0x000000008f400000, 0x000000008f400000| Complete 
| 245|0x000000008f500000, 0x000000008f600000, 0x000000008f600000|100%| E|CS|TAMS 0x000000008f500000, 0x000000008f500000| Complete 
| 246|0x000000008f600000, 0x000000008f700000, 0x000000008f700000|100%| E|CS|TAMS 0x000000008f600000, 0x000000008f600000| Complete 
| 247|0x000000008f700000, 0x000000008f800000, 0x000000008f800000|100%| E|CS|TAMS 0x000000008f700000, 0x000000008f700000| Complete 
| 248|0x000000008f800000, 0x000000008f900000, 0x000000008f900000|100%| E|CS|TAMS 0x000000008f800000, 0x000000008f800000| Complete 
| 249|0x000000008f900000, 0x000000008fa00000, 0x000000008fa00000|100%| E|CS|TAMS 0x000000008f900000, 0x000000008f900000| Complete 
| 250|0x000000008fa00000, 0x000000008fb00000, 0x000000008fb00000|100%| E|CS|TAMS 0x000000008fa00000, 0x000000008fa00000| Complete 
| 251|0x000000008fb00000, 0x000000008fc00000, 0x000000008fc00000|100%| E|CS|TAMS 0x000000008fb00000, 0x000000008fb00000| Complete 
| 252|0x000000008fc00000, 0x000000008fd00000, 0x000000008fd00000|100%| E|CS|TAMS 0x000000008fc00000, 0x000000008fc00000| Complete 
| 253|0x000000008fd00000, 0x000000008fe00000, 0x000000008fe00000|100%| E|CS|TAMS 0x000000008fd00000, 0x000000008fd00000| Complete 
| 254|0x000000008fe00000, 0x000000008ff00000, 0x000000008ff00000|100%| E|CS|TAMS 0x000000008fe00000, 0x000000008fe00000| Complete 
| 255|0x000000008ff00000, 0x0000000090000000, 0x0000000090000000|100%| E|CS|TAMS 0x000000008ff00000, 0x000000008ff00000| Complete 

Card table byte_map: [0x00000188fe920000,0x00000188fed20000] _byte_map_base: 0x00000188fe520000

Marking Bits (Prev, Next): (CMBitMap*) 0x00000188fab6a600, (CMBitMap*) 0x00000188fab6a5c0
 Prev Bits: [0x0000018891000000, 0x0000018893000000)
 Next Bits: [0x000001888f000000, 0x0000018891000000)

Polling page: 0x00000188f8aa0000

Metaspace:

Usage:
  Non-class:     92.17 MB used.
      Class:     13.99 MB used.
       Both:    106.17 MB used.

Virtual space:
  Non-class space:       96.00 MB reserved,      92.50 MB ( 96%) committed,  12 nodes.
      Class space:        1.00 GB reserved,      14.38 MB (  1%) committed,  1 nodes.
             Both:        1.09 GB reserved,     106.88 MB ( 10%) committed. 

Chunk freelists:
   Non-Class:  3.44 MB
       Class:  1.50 MB
        Both:  4.94 MB

MaxMetaspaceSize: unlimited
CompressedClassSpaceSize: 1.00 GB
Initial GC threshold: 21.00 MB
Current GC threshold: 177.94 MB
CDS: off
MetaspaceReclaimPolicy: balanced
 - commit_granule_bytes: 65536.
 - commit_granule_words: 8192.
 - virtual_space_node_default_size: 1048576.
 - enlarge_chunks_in_place: 1.
 - new_chunks_are_fully_committed: 0.
 - uncommit_free_chunks: 1.
 - use_allocation_guard: 0.
 - handle_deallocations: 1.


Internal statistics:

num_allocs_failed_limit: 12.
num_arena_births: 1274.
num_arena_deaths: 20.
num_vsnodes_births: 13.
num_vsnodes_deaths: 0.
num_space_committed: 1708.
num_space_uncommitted: 0.
num_chunks_returned_to_freelist: 39.
num_chunks_taken_from_freelist: 5306.
num_chunk_merges: 23.
num_chunk_splits: 3524.
num_chunks_enlarged: 2357.
num_purges: 2.
num_inconsistent_stats: 0.

CodeHeap 'non-profiled nmethods': size=120000Kb used=5711Kb max_used=5711Kb free=114288Kb
 bounds [0x0000018887ad0000, 0x0000018888070000, 0x000001888f000000]
CodeHeap 'profiled nmethods': size=120000Kb used=22213Kb max_used=22221Kb free=97787Kb
 bounds [0x0000018880000000, 0x00000188815c0000, 0x0000018887530000]
CodeHeap 'non-nmethods': size=5760Kb used=2418Kb max_used=2510Kb free=3341Kb
 bounds [0x0000018887530000, 0x00000188877b0000, 0x0000018887ad0000]
 total_blobs=13619 nmethods=12666 adapters=864
 compilation: enabled
              stopped_count=0, restarted_count=0
 full_count=0

Compilation events (20 events):
Event: 761.708 Thread 0x000001889a140e10 14573       4       org.gradle.api.internal.attributes.DefaultImmutableAttributes::findEntry (37 bytes)
Event: 761.708 Thread 0x0000018895827420 14551       3       org.gradle.api.internal.artifacts.ivyservice.resolveengine.artifact.ArtifactSetFactory$$Lambda$690/0x0000000100702b38::<init> (26 bytes)
Event: 761.709 Thread 0x0000018895827420 nmethod 14551 0x0000018880956a90 code [0x0000018880956c40, 0x0000018880956f18]
Event: 761.709 Thread 0x0000018895827420 14552       3       org.gradle.api.internal.artifacts.ivyservice.resolveengine.artifact.ArtifactBackedResolvedVariant::create (20 bytes)
Event: 761.712 Thread 0x0000018895827420 nmethod 14552 0x0000018880955c90 code [0x0000018880955ec0, 0x0000018880956788]
Event: 761.712 Thread 0x0000018895827420 14566       3       org.gradle.api.internal.artifacts.ivyservice.resolveengine.artifact.DefaultArtifactSet::<init> (32 bytes)
Event: 761.712 Thread 0x0000018895827420 nmethod 14566 0x0000018880955690 code [0x0000018880955840, 0x0000018880955b78]
Event: 761.712 Thread 0x0000018895827420 14559       3       org.gradle.internal.resolve.resolver.DefaultArtifactSelector::withImplicitCapability (16 bytes)
Event: 761.712 Thread 0x0000018895827420 nmethod 14559 0x0000018880955190 code [0x0000018880955340, 0x0000018880955598]
Event: 761.712 Thread 0x0000018895827420 14560       3       org.gradle.internal.resolve.resolver.DefaultArtifactSelector::toResolvedVariant (142 bytes)
Event: 761.716 Thread 0x000001889a140e10 nmethod 14573 0x0000018888063390 code [0x0000018888063540, 0x0000018888063b28]
Event: 761.716 Thread 0x000001889a140e10 14554       4       org.gradle.api.internal.artifacts.ivyservice.resolveengine.result.ResolvedVariantResultSerializer::write (150 bytes)
Event: 761.717 Thread 0x0000018895827420 nmethod 14560 0x0000018880953490 code [0x00000188809537a0, 0x0000018880954a28]
Event: 761.717 Thread 0x0000018895827420 14562       3       org.gradle.internal.resolve.resolver.DefaultArtifactSelector$$Lambda$689/0x00000001007024a8::isSatisfiedBy (16 bytes)
Event: 761.719 Thread 0x0000018895827420 nmethod 14562 0x0000018880952c10 code [0x0000018880952de0, 0x00000188809532b8]
Event: 761.719 Thread 0x0000018895827420 14555       3       org.gradle.internal.component.external.model.AbstractConfigurationMetadata::getVariants (35 bytes)
Event: 761.720 Thread 0x0000018895827420 nmethod 14555 0x0000018880951390 code [0x0000018880951620, 0x00000188809526e8]
Event: 761.720 Thread 0x0000018895827420 14556       3       org.gradle.internal.component.external.model.AbstractConfigurationMetadata::getIdentifier (16 bytes)
Event: 761.721 Thread 0x0000018895827420 nmethod 14556 0x0000018880950e10 code [0x0000018880950fc0, 0x0000018880951298]
Event: 761.721 Thread 0x0000018895827420 14545       3       org.gradle.api.internal.artifacts.ivyservice.resolveengine.result.CapabilitySerializer::write (37 bytes)

GC Heap History (20 events):
Event: 5.192 GC heap before
{Heap before GC invocations=18 (full 0):
 garbage-first heap   total 103424K, used 57894K [0x0000000080000000, 0x0000000100000000)
  region size 1024K, 4 young (4096K), 1 survivors (1024K)
 Metaspace       used 64980K, committed 65536K, reserved 1105920K
  class space    used 8583K, committed 8832K, reserved 1048576K
}
Event: 5.194 GC heap after
{Heap after GC invocations=19 (full 0):
 garbage-first heap   total 103424K, used 56878K [0x0000000080000000, 0x0000000100000000)
  region size 1024K, 3 young (3072K), 3 survivors (3072K)
 Metaspace       used 64980K, committed 65536K, reserved 1105920K
  class space    used 8583K, committed 8832K, reserved 1048576K
}
Event: 5.342 GC heap before
{Heap before GC invocations=20 (full 0):
 garbage-first heap   total 106496K, used 76334K [0x0000000080000000, 0x0000000100000000)
  region size 1024K, 20 young (20480K), 3 survivors (3072K)
 Metaspace       used 66597K, committed 67136K, reserved 1114112K
  class space    used 8797K, committed 9024K, reserved 1048576K
}
Event: 5.343 GC heap after
{Heap after GC invocations=21 (full 0):
 garbage-first heap   total 106496K, used 57769K [0x0000000080000000, 0x0000000100000000)
  region size 1024K, 2 young (2048K), 2 survivors (2048K)
 Metaspace       used 66597K, committed 67136K, reserved 1114112K
  class space    used 8797K, committed 9024K, reserved 1048576K
}
Event: 5.365 GC heap before
{Heap before GC invocations=21 (full 0):
 garbage-first heap   total 106496K, used 60841K [0x0000000080000000, 0x0000000100000000)
  region size 1024K, 5 young (5120K), 2 survivors (2048K)
 Metaspace       used 66830K, committed 67328K, reserved 1114112K
  class space    used 8831K, committed 9024K, reserved 1048576K
}
Event: 5.369 GC heap after
{Heap after GC invocations=22 (full 0):
 garbage-first heap   total 262144K, used 57630K [0x0000000080000000, 0x0000000100000000)
  region size 1024K, 1 young (1024K), 1 survivors (1024K)
 Metaspace       used 66830K, committed 67328K, reserved 1114112K
  class space    used 8831K, committed 9024K, reserved 1048576K
}
Event: 6.267 GC heap before
{Heap before GC invocations=22 (full 0):
 garbage-first heap   total 262144K, used 154910K [0x0000000080000000, 0x0000000100000000)
  region size 1024K, 96 young (98304K), 1 survivors (1024K)
 Metaspace       used 77507K, committed 78080K, reserved 1122304K
  class space    used 10355K, committed 10624K, reserved 1048576K
}
Event: 6.273 GC heap after
{Heap after GC invocations=23 (full 0):
 garbage-first heap   total 262144K, used 62543K [0x0000000080000000, 0x0000000100000000)
  region size 1024K, 6 young (6144K), 6 survivors (6144K)
 Metaspace       used 77507K, committed 78080K, reserved 1122304K
  class space    used 10355K, committed 10624K, reserved 1048576K
}
Event: 7.484 GC heap before
{Heap before GC invocations=23 (full 0):
 garbage-first heap   total 262144K, used 188495K [0x0000000080000000, 0x0000000100000000)
  region size 1024K, 129 young (132096K), 6 survivors (6144K)
 Metaspace       used 89398K, committed 90112K, reserved 1130496K
  class space    used 12144K, committed 12480K, reserved 1048576K
}
Event: 7.498 GC heap after
{Heap after GC invocations=24 (full 0):
 garbage-first heap   total 262144K, used 74098K [0x0000000080000000, 0x0000000100000000)
  region size 1024K, 17 young (17408K), 17 survivors (17408K)
 Metaspace       used 89398K, committed 90112K, reserved 1130496K
  class space    used 12144K, committed 12480K, reserved 1048576K
}
Event: 8.258 GC heap before
{Heap before GC invocations=24 (full 0):
 garbage-first heap   total 262144K, used 192882K [0x0000000080000000, 0x0000000100000000)
  region size 1024K, 133 young (136192K), 17 survivors (17408K)
 Metaspace       used 93641K, committed 94336K, reserved 1138688K
  class space    used 12724K, committed 13056K, reserved 1048576K
}
Event: 8.300 GC heap after
{Heap after GC invocations=25 (full 0):
 garbage-first heap   total 262144K, used 87194K [0x0000000080000000, 0x0000000100000000)
  region size 1024K, 13 young (13312K), 13 survivors (13312K)
 Metaspace       used 93641K, committed 94336K, reserved 1138688K
  class space    used 12724K, committed 13056K, reserved 1048576K
}
Event: 9.112 GC heap before
{Heap before GC invocations=25 (full 0):
 garbage-first heap   total 262144K, used 226458K [0x0000000080000000, 0x0000000100000000)
  region size 1024K, 120 young (122880K), 13 survivors (13312K)
 Metaspace       used 99453K, committed 100160K, reserved 1138688K
  class space    used 13426K, committed 13760K, reserved 1048576K
}
Event: 9.126 GC heap after
{Heap after GC invocations=26 (full 0):
 garbage-first heap   total 262144K, used 91332K [0x0000000080000000, 0x0000000100000000)
  region size 1024K, 4 young (4096K), 4 survivors (4096K)
 Metaspace       used 99453K, committed 100160K, reserved 1138688K
  class space    used 13426K, committed 13760K, reserved 1048576K
}
Event: 10.627 GC heap before
{Heap before GC invocations=26 (full 0):
 garbage-first heap   total 262144K, used 203972K [0x0000000080000000, 0x0000000100000000)
  region size 1024K, 115 young (117760K), 4 survivors (4096K)
 Metaspace       used 101128K, committed 101824K, reserved 1138688K
  class space    used 13589K, committed 13952K, reserved 1048576K
}
Event: 10.638 GC heap after
{Heap after GC invocations=27 (full 0):
 garbage-first heap   total 262144K, used 101717K [0x0000000080000000, 0x0000000100000000)
  region size 1024K, 15 young (15360K), 15 survivors (15360K)
 Metaspace       used 101128K, committed 101824K, reserved 1138688K
  class space    used 13589K, committed 13952K, reserved 1048576K
}
Event: 347.008 GC heap before
{Heap before GC invocations=27 (full 0):
 garbage-first heap   total 262144K, used 220501K [0x0000000080000000, 0x0000000100000000)
  region size 1024K, 116 young (118784K), 15 survivors (15360K)
 Metaspace       used 108232K, committed 109056K, reserved 1146880K
  class space    used 14302K, committed 14720K, reserved 1048576K
}
Event: 347.074 GC heap after
{Heap after GC invocations=28 (full 0):
 garbage-first heap   total 262144K, used 102210K [0x0000000080000000, 0x0000000100000000)
  region size 1024K, 5 young (5120K), 5 survivors (5120K)
 Metaspace       used 108232K, committed 109056K, reserved 1146880K
  class space    used 14302K, committed 14720K, reserved 1048576K
}
Event: 347.438 GC heap before
{Heap before GC invocations=28 (full 0):
 garbage-first heap   total 262144K, used 124738K [0x0000000080000000, 0x0000000100000000)
  region size 1024K, 28 young (28672K), 5 survivors (5120K)
 Metaspace       used 108460K, committed 109248K, reserved 1146880K
  class space    used 14312K, committed 14720K, reserved 1048576K
}
Event: 347.446 GC heap after
{Heap after GC invocations=29 (full 0):
 garbage-first heap   total 262144K, used 104258K [0x0000000080000000, 0x0000000100000000)
  region size 1024K, 7 young (7168K), 7 survivors (7168K)
 Metaspace       used 108460K, committed 109248K, reserved 1146880K
  class space    used 14312K, committed 14720K, reserved 1048576K
}

Dll operation events (2 events):
Event: 0.006 Loaded shared library C:\Program Files\Android\Android Studio2\jbr\bin\java.dll
Event: 0.248 Loaded shared library C:\Program Files\Android\Android Studio2\jbr\bin\verify.dll

Deoptimization events (20 events):
Event: 761.345 Thread 0x000001889a1483e0 Uncommon trap: trap_request=0xffffffbe fr.pc=0x0000018888044ca0 relative=0x0000000000000500
Event: 761.345 Thread 0x000001889a1483e0 Uncommon trap: reason=profile_predicate action=maybe_recompile pc=0x0000018888044ca0 method=java.net.URI$Parser.scan(IILjava/lang/String;)I @ 6 c2
Event: 761.345 Thread 0x000001889a1483e0 DEOPT PACKING pc=0x0000018888044ca0 sp=0x0000003ea9efaa40
Event: 761.345 Thread 0x000001889a1483e0 DEOPT UNPACKING pc=0x00000188875869a3 sp=0x0000003ea9efa9b8 mode 2
Event: 761.350 Thread 0x000001889a1483e0 Uncommon trap: trap_request=0xffffffbe fr.pc=0x0000018888044ca0 relative=0x0000000000000500
Event: 761.350 Thread 0x000001889a1483e0 Uncommon trap: reason=profile_predicate action=maybe_recompile pc=0x0000018888044ca0 method=java.net.URI$Parser.scan(IILjava/lang/String;)I @ 6 c2
Event: 761.350 Thread 0x000001889a1483e0 DEOPT PACKING pc=0x0000018888044ca0 sp=0x0000003ea9efa9a0
Event: 761.350 Thread 0x000001889a1483e0 DEOPT UNPACKING pc=0x00000188875869a3 sp=0x0000003ea9efa918 mode 2
Event: 761.422 Thread 0x000001889a1483e0 Uncommon trap: trap_request=0xffffffbe fr.pc=0x0000018888044ca0 relative=0x0000000000000500
Event: 761.422 Thread 0x000001889a1483e0 Uncommon trap: reason=profile_predicate action=maybe_recompile pc=0x0000018888044ca0 method=java.net.URI$Parser.scan(IILjava/lang/String;)I @ 6 c2
Event: 761.422 Thread 0x000001889a1483e0 DEOPT PACKING pc=0x0000018888044ca0 sp=0x0000003ea9ef9b40
Event: 761.422 Thread 0x000001889a1483e0 DEOPT UNPACKING pc=0x00000188875869a3 sp=0x0000003ea9ef9ab8 mode 2
Event: 761.436 Thread 0x000001889a1483e0 Uncommon trap: trap_request=0xffffffbe fr.pc=0x0000018888044ca0 relative=0x0000000000000500
Event: 761.436 Thread 0x000001889a1483e0 Uncommon trap: reason=profile_predicate action=maybe_recompile pc=0x0000018888044ca0 method=java.net.URI$Parser.scan(IILjava/lang/String;)I @ 6 c2
Event: 761.436 Thread 0x000001889a1483e0 DEOPT PACKING pc=0x0000018888044ca0 sp=0x0000003ea9ef8640
Event: 761.436 Thread 0x000001889a1483e0 DEOPT UNPACKING pc=0x00000188875869a3 sp=0x0000003ea9ef85b8 mode 2
Event: 761.486 Thread 0x000001889a1483e0 Uncommon trap: trap_request=0xffffff76 fr.pc=0x00000188880444c0 relative=0x00000000000001a0
Event: 761.486 Thread 0x000001889a1483e0 Uncommon trap: reason=predicate action=maybe_recompile pc=0x00000188880444c0 method=java.util.LinkedHashMap.keysToArray([Ljava/lang/Object;)[Ljava/lang/Object; @ 12 c2
Event: 761.486 Thread 0x000001889a1483e0 DEOPT PACKING pc=0x00000188880444c0 sp=0x0000003ea9ef80d0
Event: 761.486 Thread 0x000001889a1483e0 DEOPT UNPACKING pc=0x00000188875869a3 sp=0x0000003ea9ef8088 mode 2

Classes unloaded (10 events):
Event: 347.518 Thread 0x00000188ffdb31a0 Unloading class 0x0000000100caa800 'java/lang/invoke/LambdaForm$DMH+0x0000000100caa800'
Event: 347.518 Thread 0x00000188ffdb31a0 Unloading class 0x0000000100caa400 'java/lang/invoke/LambdaForm$DMH+0x0000000100caa400'
Event: 347.518 Thread 0x00000188ffdb31a0 Unloading class 0x0000000100caa000 'java/lang/invoke/LambdaForm$DMH+0x0000000100caa000'
Event: 347.518 Thread 0x00000188ffdb31a0 Unloading class 0x0000000100ca8000 'java/lang/invoke/LambdaForm$DMH+0x0000000100ca8000'
Event: 347.518 Thread 0x00000188ffdb31a0 Unloading class 0x0000000100ca9000 'java/lang/invoke/LambdaForm$DMH+0x0000000100ca9000'
Event: 347.518 Thread 0x00000188ffdb31a0 Unloading class 0x0000000100ca8800 'java/lang/invoke/LambdaForm$DMH+0x0000000100ca8800'
Event: 347.518 Thread 0x00000188ffdb31a0 Unloading class 0x0000000100ca9c00 'java/lang/invoke/LambdaForm$DMH+0x0000000100ca9c00'
Event: 347.518 Thread 0x00000188ffdb31a0 Unloading class 0x0000000100ca9400 'java/lang/invoke/LambdaForm$DMH+0x0000000100ca9400'
Event: 347.518 Thread 0x00000188ffdb31a0 Unloading class 0x0000000100ca9800 'java/lang/invoke/LambdaForm$DMH+0x0000000100ca9800'
Event: 347.518 Thread 0x00000188ffdb31a0 Unloading class 0x0000000100ca8c00 'java/lang/invoke/LambdaForm$DMH+0x0000000100ca8c00'

Classes redefined (0 events):
No events

Internal exceptions (20 events):
Event: 11.153 Thread 0x000001889701edf0 Exception <a 'sun/nio/fs/WindowsException'{0x000000008c7a1130}> (0x000000008c7a1130) 
thrown [s\src\hotspot\share\prims\jni.cpp, line 517]
Event: 11.182 Thread 0x0000018898419870 Exception <a 'sun/nio/fs/WindowsException'{0x000000008c584400}> (0x000000008c584400) 
thrown [s\src\hotspot\share\prims\jni.cpp, line 517]
Event: 21.118 Thread 0x0000018897024960 Implicit null exception at 0x0000018887b08172 to 0x0000018887b0873c
Event: 21.119 Thread 0x0000018897024960 Implicit null exception at 0x0000018887beccf2 to 0x0000018887bed3dc
Event: 346.471 Thread 0x000001889f6a44e0 Implicit null exception at 0x0000018887f9fdc9 to 0x0000018887fa5198
Event: 346.568 Thread 0x000001889f6a44e0 Implicit null exception at 0x0000018887f36480 to 0x0000018887f36a78
Event: 347.239 Thread 0x000001889f6a44e0 Exception <a 'sun/nio/fs/WindowsException'{0x000000008f33b110}> (0x000000008f33b110) 
thrown [s\src\hotspot\share\prims\jni.cpp, line 517]
Event: 347.380 Thread 0x000001889f6a44e0 Exception <a 'java/lang/NoClassDefFoundError'{0x000000008ee78290}: org/jetbrains/kotlin/gradle/plugin/KotlinBasePluginWrapper> (0x000000008ee78290) 
thrown [s\src\hotspot\share\oops\constantPool.cpp, line 835]
Event: 347.385 Thread 0x000001889f6a44e0 Implicit null exception at 0x0000018887b2eb1d to 0x0000018887b2f030
Event: 347.427 Thread 0x000001889f6a44e0 Exception <a 'java/lang/ClassNotFoundException'{0x000000008e907618}: com/google/common/collect/SingletonImmutableListBeanInfo> (0x000000008e907618) 
thrown [s\src\hotspot\share\classfile\systemDictionary.cpp, line 256]
Event: 347.427 Thread 0x000001889f6a44e0 Exception <a 'java/lang/ClassNotFoundException'{0x000000008e911c40}: com/google/common/collect/SingletonImmutableListCustomizer> (0x000000008e911c40) 
thrown [s\src\hotspot\share\classfile\systemDictionary.cpp, line 256]
Event: 347.432 Thread 0x000001889f6a44e0 Exception <a 'java/lang/ClassNotFoundException'{0x000000008e97e2d0}: org/gradle/api/tasks/Delete_DecoratedBeanInfo> (0x000000008e97e2d0) 
thrown [s\src\hotspot\share\classfile\systemDictionary.cpp, line 256]
Event: 347.432 Thread 0x000001889f6a44e0 Exception <a 'java/lang/ClassNotFoundException'{0x000000008e9885c0}: org/gradle/api/tasks/DeleteBeanInfo> (0x000000008e9885c0) 
thrown [s\src\hotspot\share\classfile\systemDictionary.cpp, line 256]
Event: 347.432 Thread 0x000001889f6a44e0 Exception <a 'java/lang/ClassNotFoundException'{0x000000008e992878}: org/gradle/api/tasks/DeleteCustomizer> (0x000000008e992878) 
thrown [s\src\hotspot\share\classfile\systemDictionary.cpp, line 256]
Event: 347.434 Thread 0x000001889f6a44e0 Exception <a 'java/lang/ClassNotFoundException'{0x000000008e9b0f00}: org/gradle/api/tasks/Delete_DecoratedCustomizer> (0x000000008e9b0f00) 
thrown [s\src\hotspot\share\classfile\systemDictionary.cpp, line 256]
Event: 347.457 Thread 0x000001889f6a44e0 Exception <a 'sun/nio/fs/WindowsException'{0x000000008ff1bdb8}> (0x000000008ff1bdb8) 
thrown [s\src\hotspot\share\prims\jni.cpp, line 517]
Event: 347.751 Thread 0x000001889f6a44e0 Exception <a 'sun/nio/fs/WindowsException'{0x000000008fd52108}> (0x000000008fd52108) 
thrown [s\src\hotspot\share\prims\jni.cpp, line 517]
Event: 347.751 Thread 0x000001889f6a44e0 Exception <a 'sun/nio/fs/WindowsException'{0x000000008fd52468}> (0x000000008fd52468) 
thrown [s\src\hotspot\share\prims\jni.cpp, line 517]
Event: 347.751 Thread 0x000001889f6a44e0 Exception <a 'sun/nio/fs/WindowsException'{0x000000008fd54278}> (0x000000008fd54278) 
thrown [s\src\hotspot\share\prims\jni.cpp, line 517]
Event: 349.109 Thread 0x0000018895e0b450 Exception <a 'sun/nio/fs/WindowsException'{0x000000008fd8da20}> (0x000000008fd8da20) 
thrown [s\src\hotspot\share\prims\jni.cpp, line 517]

VM Operations (20 events):
Event: 640.699 Executing VM operation: Cleanup
Event: 640.699 Executing VM operation: Cleanup done
Event: 671.974 Executing VM operation: Cleanup
Event: 671.974 Executing VM operation: Cleanup done
Event: 673.976 Executing VM operation: Cleanup
Event: 673.977 Executing VM operation: Cleanup done
Event: 682.047 Executing VM operation: Cleanup
Event: 682.047 Executing VM operation: Cleanup done
Event: 690.076 Executing VM operation: Cleanup
Event: 690.076 Executing VM operation: Cleanup done
Event: 711.232 Executing VM operation: Cleanup
Event: 711.233 Executing VM operation: Cleanup done
Event: 735.372 Executing VM operation: Cleanup
Event: 735.372 Executing VM operation: Cleanup done
Event: 759.560 Executing VM operation: Cleanup
Event: 759.576 Executing VM operation: Cleanup done
Event: 760.591 Executing VM operation: Cleanup
Event: 760.592 Executing VM operation: Cleanup done
Event: 761.687 Executing VM operation: ICBufferFull
Event: 761.688 Executing VM operation: ICBufferFull done

Events (20 events):
Event: 759.683 Thread 0x000001889a1488b0 Thread added: 0x000001889a1488b0
Event: 759.721 Thread 0x000001889a148d80 Thread added: 0x000001889a148d80
Event: 759.727 Thread 0x000001889a149250 Thread added: 0x000001889a149250
Event: 760.101 Thread 0x000001889ce86520 Thread added: 0x000001889ce86520
Event: 760.119 Thread 0x000001889ce869f0 Thread added: 0x000001889ce869f0
Event: 760.149 Thread 0x000001889ce87d30 Thread added: 0x000001889ce87d30
Event: 760.152 Thread 0x000001889ce87390 Thread added: 0x000001889ce87390
Event: 761.343 Thread 0x000001889ea9c910 Thread added: 0x000001889ea9c910
Event: 761.497 Thread 0x000001889ea9bf70 Thread added: 0x000001889ea9bf70
Event: 761.527 Thread 0x000001889a140e10 Thread added: 0x000001889a140e10
Event: 761.711 Thread 0x000001889ea9cde0 Thread added: 0x000001889ea9cde0
Event: 761.713 Thread 0x000001889ea9c440 Thread added: 0x000001889ea9c440
Event: 761.714 Thread 0x000001889ea9d2b0 Thread added: 0x000001889ea9d2b0
Event: 761.714 Thread 0x000001889ea9d780 Thread added: 0x000001889ea9d780
Event: 761.714 Thread 0x000001889a98d900 Thread added: 0x000001889a98d900
Event: 761.714 Thread 0x000001889a98a8e0 Thread added: 0x000001889a98a8e0
Event: 761.714 Thread 0x000001889a98ddd0 Thread added: 0x000001889a98ddd0
Event: 761.715 Thread 0x000001889a98c5c0 Thread added: 0x000001889a98c5c0
Event: 761.716 Thread 0x000001889a98adb0 Thread added: 0x000001889a98adb0
Event: 761.717 Thread 0x0000018898ac61c0 Thread added: 0x0000018898ac61c0


Dynamic libraries:
0x00007ff7af060000 - 0x00007ff7af06a000 	C:\Program Files\Android\Android Studio2\jbr\bin\java.exe
0x00007ffad5d50000 - 0x00007ffad5f67000 	C:\WINDOWS\SYSTEM32\ntdll.dll
0x00007ffad4160000 - 0x00007ffad4224000 	C:\WINDOWS\System32\KERNEL32.DLL
0x00007ffad32d0000 - 0x00007ffad3687000 	C:\WINDOWS\System32\KERNELBASE.dll
0x00007ffad3110000 - 0x00007ffad3221000 	C:\WINDOWS\System32\ucrtbase.dll
0x00007ffacdcb0000 - 0x00007ffacdcc7000 	C:\Program Files\Android\Android Studio2\jbr\bin\jli.dll
0x00007ffa9ecf0000 - 0x00007ffa9ed0b000 	C:\Program Files\Android\Android Studio2\jbr\bin\VCRUNTIME140.dll
0x00007ffad4450000 - 0x00007ffad45ff000 	C:\WINDOWS\System32\USER32.dll
0x00007ffad3a50000 - 0x00007ffad3a76000 	C:\WINDOWS\System32\win32u.dll
0x00007ffac4e80000 - 0x00007ffac5113000 	C:\WINDOWS\WinSxS\amd64_microsoft.windows.common-controls_6595b64144ccf1df_6.0.22621.3672_none_2713b9d173822955\COMCTL32.dll
0x00007ffad4b00000 - 0x00007ffad4b29000 	C:\WINDOWS\System32\GDI32.dll
0x00007ffad5430000 - 0x00007ffad54d7000 	C:\WINDOWS\System32\msvcrt.dll
0x00007ffad3800000 - 0x00007ffad3918000 	C:\WINDOWS\System32\gdi32full.dll
0x00007ffad3230000 - 0x00007ffad32ca000 	C:\WINDOWS\System32\msvcp_win.dll
0x00007ffad4870000 - 0x00007ffad48a1000 	C:\WINDOWS\System32\IMM32.DLL
0x00007ffa9f340000 - 0x00007ffa9f34c000 	C:\Program Files\Android\Android Studio2\jbr\bin\vcruntime140_1.dll
0x00007ffa9e800000 - 0x00007ffa9e88d000 	C:\Program Files\Android\Android Studio2\jbr\bin\msvcp140.dll
0x00007ffa8dcf0000 - 0x00007ffa8e95e000 	C:\Program Files\Android\Android Studio2\jbr\bin\server\jvm.dll
0x00007ffad3c10000 - 0x00007ffad3cc2000 	C:\WINDOWS\System32\ADVAPI32.dll
0x00007ffad47c0000 - 0x00007ffad4868000 	C:\WINDOWS\System32\sechost.dll
0x00007ffad30e0000 - 0x00007ffad3108000 	C:\WINDOWS\System32\bcrypt.dll
0x00007ffad49e0000 - 0x00007ffad4af4000 	C:\WINDOWS\System32\RPCRT4.dll
0x00007ffac9b80000 - 0x00007ffac9bb4000 	C:\WINDOWS\SYSTEM32\WINMM.dll
0x00007ffacbdf0000 - 0x00007ffacbdfa000 	C:\WINDOWS\SYSTEM32\VERSION.dll
0x00007ffaa8090000 - 0x00007ffaa8099000 	C:\WINDOWS\SYSTEM32\WSOCK32.dll
0x00007ffad3cd0000 - 0x00007ffad3d41000 	C:\WINDOWS\System32\WS2_32.dll
0x00007ffad21a0000 - 0x00007ffad21b8000 	C:\WINDOWS\SYSTEM32\kernel.appcore.dll
0x00007ffaa6cc0000 - 0x00007ffaa6cca000 	C:\Program Files\Android\Android Studio2\jbr\bin\jimage.dll
0x00007ffad0a80000 - 0x00007ffad0cb2000 	C:\WINDOWS\SYSTEM32\DBGHELP.DLL
0x00007ffad3d50000 - 0x00007ffad40de000 	C:\WINDOWS\System32\combase.dll
0x00007ffad57a0000 - 0x00007ffad5877000 	C:\WINDOWS\System32\OLEAUT32.dll
0x00007ffabd5e0000 - 0x00007ffabd612000 	C:\WINDOWS\SYSTEM32\dbgcore.DLL
0x00007ffad3060000 - 0x00007ffad30db000 	C:\WINDOWS\System32\bcryptPrimitives.dll
0x00007ffaa6700000 - 0x00007ffaa6725000 	C:\Program Files\Android\Android Studio2\jbr\bin\java.dll
0x00007ffaa66e0000 - 0x00007ffaa66f8000 	C:\Program Files\Android\Android Studio2\jbr\bin\zip.dll
0x00007ffad4b40000 - 0x00007ffad53a9000 	C:\WINDOWS\System32\SHELL32.dll
0x00007ffad0fe0000 - 0x00007ffad18df000 	C:\WINDOWS\SYSTEM32\windows.storage.dll
0x00007ffad0ea0000 - 0x00007ffad0fdf000 	C:\WINDOWS\SYSTEM32\wintypes.dll
0x00007ffad54e0000 - 0x00007ffad55d9000 	C:\WINDOWS\System32\SHCORE.dll
0x00007ffad53b0000 - 0x00007ffad540e000 	C:\WINDOWS\System32\shlwapi.dll
0x00007ffad2f90000 - 0x00007ffad2fb7000 	C:\WINDOWS\SYSTEM32\profapi.dll
0x00007ffaa6d40000 - 0x00007ffaa6d59000 	C:\Program Files\Android\Android Studio2\jbr\bin\net.dll
0x00007fface240000 - 0x00007fface376000 	C:\WINDOWS\SYSTEM32\WINHTTP.dll
0x00007ffad2610000 - 0x00007ffad2679000 	C:\WINDOWS\system32\mswsock.dll
0x00007ffaa6d20000 - 0x00007ffaa6d36000 	C:\Program Files\Android\Android Studio2\jbr\bin\nio.dll
0x00007ffaa5bb0000 - 0x00007ffaa5bc0000 	C:\Program Files\Android\Android Studio2\jbr\bin\verify.dll
0x00007ffa9e790000 - 0x00007ffa9e7b7000 	C:\Users\aicon\.gradle\native\68d5fa5c4cc2d200863cafc0d521ce42e7d3e7ee720ec0a83991735586a16f82\windows-amd64\native-platform.dll
0x00007ffa9e640000 - 0x00007ffa9e784000 	C:\Users\aicon\.gradle\native\e376f236ea51e6404a007f0833ffe2c6e607c4080706a723a18a27aeea778392\windows-amd64\native-platform-file-events.dll
0x00007ffaa82e0000 - 0x00007ffaa82e9000 	C:\Program Files\Android\Android Studio2\jbr\bin\management.dll
0x00007ffaa82d0000 - 0x00007ffaa82db000 	C:\Program Files\Android\Android Studio2\jbr\bin\management_ext.dll
0x00007ffad4b30000 - 0x00007ffad4b38000 	C:\WINDOWS\System32\PSAPI.DLL
0x00007ffad2860000 - 0x00007ffad287b000 	C:\WINDOWS\SYSTEM32\CRYPTSP.dll
0x00007ffad2100000 - 0x00007ffad2135000 	C:\WINDOWS\system32\rsaenh.dll
0x00007ffad2700000 - 0x00007ffad2728000 	C:\WINDOWS\SYSTEM32\USERENV.dll
0x00007ffad2880000 - 0x00007ffad288c000 	C:\WINDOWS\SYSTEM32\CRYPTBASE.dll
0x00007ffad1bb0000 - 0x00007ffad1bdd000 	C:\WINDOWS\SYSTEM32\IPHLPAPI.DLL
0x00007ffad49d0000 - 0x00007ffad49d9000 	C:\WINDOWS\System32\NSI.dll
0x00007fface220000 - 0x00007fface239000 	C:\WINDOWS\SYSTEM32\dhcpcsvc6.DLL
0x00007fface200000 - 0x00007fface21f000 	C:\WINDOWS\SYSTEM32\dhcpcsvc.DLL
0x00007ffad1c20000 - 0x00007ffad1d22000 	C:\WINDOWS\SYSTEM32\DNSAPI.dll
0x00007ffaa4b50000 - 0x00007ffaa4b58000 	C:\WINDOWS\system32\wshunix.dll
0x00007ffad22b0000 - 0x00007ffad22e4000 	C:\WINDOWS\SYSTEM32\ntmarta.dll

dbghelp: loaded successfully - version: 4.0.5 - missing functions: none
symbol engine: initialized successfully - sym options: 0x614 - pdb path: .;C:\Program Files\Android\Android Studio2\jbr\bin;C:\WINDOWS\SYSTEM32;C:\WINDOWS\WinSxS\amd64_microsoft.windows.common-controls_6595b64144ccf1df_6.0.22621.3672_none_2713b9d173822955;C:\Program Files\Android\Android Studio2\jbr\bin\server;C:\Users\aicon\.gradle\native\68d5fa5c4cc2d200863cafc0d521ce42e7d3e7ee720ec0a83991735586a16f82\windows-amd64;C:\Users\aicon\.gradle\native\e376f236ea51e6404a007f0833ffe2c6e607c4080706a723a18a27aeea778392\windows-amd64

VM Arguments:
jvm_args: --add-opens=java.base/java.util=ALL-UNNAMED --add-opens=java.base/java.lang=ALL-UNNAMED --add-opens=java.base/java.lang.invoke=ALL-UNNAMED --add-opens=java.prefs/java.util.prefs=ALL-UNNAMED --add-opens=java.base/java.nio.charset=ALL-UNNAMED --add-opens=java.base/java.net=ALL-UNNAMED --add-opens=java.base/java.util.concurrent.atomic=ALL-UNNAMED -Xmx2048m -Dfile.encoding=UTF-8 -Duser.country=US -Duser.language=en -Duser.variant 
java_command: org.gradle.launcher.daemon.bootstrap.GradleDaemon 8.0.2
java_class_path (initial): C:\Users\aicon\.gradle\wrapper\dists\gradle-8.0.2-all\25ipb77ce0ypy3f9xdton1ae6\gradle-8.0.2\lib\gradle-launcher-8.0.2.jar
Launcher Type: SUN_STANDARD

[Global flags]
     intx CICompilerCount                          = 4                                         {product} {ergonomic}
     uint ConcGCThreads                            = 3                                         {product} {ergonomic}
     uint G1ConcRefinementThreads                  = 10                                        {product} {ergonomic}
   size_t G1HeapRegionSize                         = 1048576                                   {product} {ergonomic}
    uintx GCDrainStackTargetSize                   = 64                                        {product} {ergonomic}
   size_t InitialHeapSize                          = 98566144                                  {product} {ergonomic}
   size_t MarkStackSize                            = 4194304                                   {product} {ergonomic}
   size_t MaxHeapSize                              = 2147483648                                {product} {command line}
   size_t MaxNewSize                               = 1287651328                                {product} {ergonomic}
   size_t MinHeapDeltaBytes                        = 1048576                                   {product} {ergonomic}
   size_t MinHeapSize                              = 8388608                                   {product} {ergonomic}
    uintx NonNMethodCodeHeapSize                   = 5839372                                {pd product} {ergonomic}
    uintx NonProfiledCodeHeapSize                  = 122909434                              {pd product} {ergonomic}
    uintx ProfiledCodeHeapSize                     = 122909434                              {pd product} {ergonomic}
    uintx ReservedCodeCacheSize                    = 251658240                              {pd product} {ergonomic}
     bool SegmentedCodeCache                       = true                                      {product} {ergonomic}
   size_t SoftMaxHeapSize                          = 2147483648                             {manageable} {ergonomic}
     bool UseCompressedClassPointers               = true                           {product lp64_product} {ergonomic}
     bool UseCompressedOops                        = true                           {product lp64_product} {ergonomic}
     bool UseG1GC                                  = true                                      {product} {ergonomic}
     bool UseLargePagesIndividualAllocation        = false                                  {pd product} {ergonomic}

Logging:
Log output configuration:
 #0: stdout all=warning uptime,level,tags
 #1: stderr all=off uptime,level,tags

Environment Variables:
PATH=C:\Windows\system32;C:\Windows;C:\Windows\System32\Wbem;C:\Windows\System32\WindowsPowerShell\v1.0\;C:\Windows\System32\OpenSSH\;C:\Program Files (x86)\NVIDIA Corporation\PhysX\Common;C:\Program Files\NVIDIA Corporation\NVIDIA NvDLISR;C:\WINDOWS\system32;C:\WINDOWS;C:\WINDOWS\System32\Wbem;C:\WINDOWS\System32\WindowsPowerShell\v1.0\;C:\WINDOWS\System32\OpenSSH\;C:\Program Files\Git\cmd;C:\Users\aicon\AppData\Local\Microsoft\WindowsApps;
USERNAME=aicon
OS=Windows_NT
PROCESSOR_IDENTIFIER=AMD64 Family 25 Model 80 Stepping 0, AuthenticAMD
TMP=C:\Users\aicon\AppData\Local\Temp
TEMP=C:\Users\aicon\AppData\Local\Temp


JNI global refs:
JNI global refs: 27, weak refs: 3

JNI global refs memory usage: 843, weak refs: 841


---------------  S Y S T E M  ---------------

OS:
 Windows 11 , 64 bit Build 22621 (10.0.22621.3958)
OS uptime: 0 days 0:16 hours

CPU: total 12 (initial active 12) (12 cores per cpu, 2 threads per core) family 25 model 80 stepping 0 microcode 0x0, cx8, cmov, fxsr, ht, mmx, 3dnowpref, sse, sse2, sse3, ssse3, sse4a, sse4.1, sse4.2, popcnt, lzcnt, tsc, tscinvbit, avx, avx2, aes, erms, clmul, bmi1, bmi2, adx, sha, fma, vzeroupper, clflush, clflushopt

Memory: 4k page, system-wide physical 5996M (230M free)
TotalPageFile size 24428M (AvailPageFile size 0M)
current process WorkingSet (physical memory assigned to process): 164M, peak: 420M
current process commit charge ("private bytes"): 568M, peak: 599M

vm_info: OpenJDK 64-Bit Server VM (17.0.6+0-b2043.56-10027231) for windows-amd64 JRE (17.0.6+0-b2043.56-10027231), built on Apr 28 2023 00:43:19 by "androidbuild" with MS VC++ 16.10 / 16.11 (VS2019)

END.
